mode: set
mindsteps/database/postgres.go:17.44,36.30 3 0
mindsteps/database/postgres.go:36.30,38.5 1 0
mindsteps/database/postgres.go:41.2,41.16 1 0
mindsteps/database/postgres.go:41.16,43.3 1 0
mindsteps/database/postgres.go:44.2,44.9 1 0
mindsteps/cmd/gen/main.go:17.36,19.2 1 0
mindsteps/cmd/gen/main.go:21.32,24.2 2 0
mindsteps/cmd/gen/main.go:26.13,51.57 5 0
mindsteps/cmd/gen/main.go:51.57,52.22 1 0
mindsteps/cmd/gen/main.go:53.14,54.21 1 0
mindsteps/cmd/gen/main.go:55.16,56.23 1 0
mindsteps/cmd/gen/main.go:57.17,58.24 1 0
mindsteps/cmd/gen/main.go:59.20,60.20 1 0
mindsteps/cmd/gen/main.go:61.23,62.30 1 0
mindsteps/cmd/gen/main.go:63.25,64.32 1 0
mindsteps/cmd/gen/main.go:65.26,66.33 1 0
mindsteps/cmd/gen/main.go:67.27,68.34 1 0
mindsteps/cmd/gen/main.go:69.20,70.27 1 0
mindsteps/cmd/gen/main.go:71.21,72.28 1 0
mindsteps/cmd/gen/main.go:73.22,74.29 1 0
mindsteps/cmd/gen/main.go:75.22,76.29 1 0
mindsteps/cmd/gen/main.go:77.22,78.29 1 0
mindsteps/cmd/gen/main.go:79.12,80.15 1 0
mindsteps/cmd/gen/main.go:85.2,96.57 1 0
mindsteps/cmd/gen/main.go:96.57,97.22 1 0
mindsteps/cmd/gen/main.go:98.14,99.21 1 0
mindsteps/cmd/gen/main.go:100.19,101.26 1 0
mindsteps/cmd/gen/main.go:102.22,103.29 1 0
mindsteps/cmd/gen/main.go:104.15,105.22 1 0
mindsteps/cmd/gen/main.go:106.22,107.29 1 0
mindsteps/cmd/gen/main.go:108.22,109.29 1 0
mindsteps/cmd/gen/main.go:110.22,111.29 1 0
mindsteps/cmd/gen/main.go:112.12,113.15 1 0
mindsteps/cmd/gen/main.go:126.2,135.57 1 0
mindsteps/cmd/gen/main.go:135.57,136.22 1 0
mindsteps/cmd/gen/main.go:137.14,138.21 1 0
mindsteps/cmd/gen/main.go:139.16,140.23 1 0
mindsteps/cmd/gen/main.go:141.16,142.23 1 0
mindsteps/cmd/gen/main.go:143.23,144.30 1 0
mindsteps/cmd/gen/main.go:145.17,146.24 1 0
mindsteps/cmd/gen/main.go:147.25,148.32 1 0
mindsteps/cmd/gen/main.go:149.25,150.32 1 0
mindsteps/cmd/gen/main.go:151.22,152.29 1 0
mindsteps/cmd/gen/main.go:153.22,154.29 1 0
mindsteps/cmd/gen/main.go:155.12,156.15 1 0
mindsteps/cmd/gen/main.go:170.2,180.57 1 0
mindsteps/cmd/gen/main.go:180.57,181.22 1 0
mindsteps/cmd/gen/main.go:182.14,183.21 1 0
mindsteps/cmd/gen/main.go:184.19,185.26 1 0
mindsteps/cmd/gen/main.go:186.20,187.27 1 0
mindsteps/cmd/gen/main.go:188.16,189.23 1 0
mindsteps/cmd/gen/main.go:190.18,191.25 1 0
mindsteps/cmd/gen/main.go:192.25,193.32 1 0
mindsteps/cmd/gen/main.go:194.22,195.29 1 0
mindsteps/cmd/gen/main.go:196.22,197.29 1 0
mindsteps/cmd/gen/main.go:198.12,199.15 1 0
mindsteps/cmd/gen/main.go:223.2,231.57 1 0
mindsteps/cmd/gen/main.go:231.57,232.22 1 0
mindsteps/cmd/gen/main.go:233.14,234.21 1 0
mindsteps/cmd/gen/main.go:235.24,236.31 1 0
mindsteps/cmd/gen/main.go:237.22,238.29 1 0
mindsteps/cmd/gen/main.go:239.21,240.28 1 0
mindsteps/cmd/gen/main.go:241.21,242.28 1 0
mindsteps/cmd/gen/main.go:243.23,244.30 1 0
mindsteps/cmd/gen/main.go:245.16,246.23 1 0
mindsteps/cmd/gen/main.go:247.17,248.24 1 0
mindsteps/cmd/gen/main.go:249.23,250.30 1 0
mindsteps/cmd/gen/main.go:251.17,252.24 1 0
mindsteps/cmd/gen/main.go:253.22,254.29 1 0
mindsteps/cmd/gen/main.go:255.12,256.15 1 0
mindsteps/cmd/gen/main.go:262.2,270.57 1 0
mindsteps/cmd/gen/main.go:270.57,271.22 1 0
mindsteps/cmd/gen/main.go:272.14,273.21 1 0
mindsteps/cmd/gen/main.go:274.19,275.26 1 0
mindsteps/cmd/gen/main.go:276.28,277.35 1 0
mindsteps/cmd/gen/main.go:278.17,279.24 1 0
mindsteps/cmd/gen/main.go:280.23,281.30 1 0
mindsteps/cmd/gen/main.go:282.22,283.29 1 0
mindsteps/cmd/gen/main.go:284.25,285.32 1 0
mindsteps/cmd/gen/main.go:286.23,287.30 1 0
mindsteps/cmd/gen/main.go:288.23,289.30 1 0
mindsteps/cmd/gen/main.go:290.12,291.15 1 0
mindsteps/cmd/gen/main.go:306.2,314.57 1 0
mindsteps/cmd/gen/main.go:314.57,315.22 1 0
mindsteps/cmd/gen/main.go:316.14,317.21 1 0
mindsteps/cmd/gen/main.go:318.19,319.26 1 0
mindsteps/cmd/gen/main.go:320.23,321.30 1 0
mindsteps/cmd/gen/main.go:322.26,323.33 1 0
mindsteps/cmd/gen/main.go:324.26,325.33 1 0
mindsteps/cmd/gen/main.go:326.30,327.37 1 0
mindsteps/cmd/gen/main.go:328.22,329.29 1 0
mindsteps/cmd/gen/main.go:330.22,331.29 1 0
mindsteps/cmd/gen/main.go:332.12,333.15 1 0
mindsteps/cmd/gen/main.go:348.2,357.57 1 0
mindsteps/cmd/gen/main.go:357.57,358.22 1 0
mindsteps/cmd/gen/main.go:359.14,360.21 1 0
mindsteps/cmd/gen/main.go:361.19,362.26 1 0
mindsteps/cmd/gen/main.go:363.17,364.24 1 0
mindsteps/cmd/gen/main.go:365.22,366.29 1 0
mindsteps/cmd/gen/main.go:367.19,368.26 1 0
mindsteps/cmd/gen/main.go:369.22,370.29 1 0
mindsteps/cmd/gen/main.go:371.27,372.34 1 0
mindsteps/cmd/gen/main.go:373.22,374.29 1 0
mindsteps/cmd/gen/main.go:375.16,376.23 1 0
mindsteps/cmd/gen/main.go:377.22,378.29 1 0
mindsteps/cmd/gen/main.go:379.22,380.29 1 0
mindsteps/cmd/gen/main.go:381.12,382.15 1 0
mindsteps/cmd/gen/main.go:397.2,402.57 1 0
mindsteps/cmd/gen/main.go:402.57,403.22 1 0
mindsteps/cmd/gen/main.go:404.14,405.21 1 0
mindsteps/cmd/gen/main.go:406.16,407.23 1 0
mindsteps/cmd/gen/main.go:408.17,409.24 1 0
mindsteps/cmd/gen/main.go:410.16,411.23 1 0
mindsteps/cmd/gen/main.go:412.22,413.29 1 0
mindsteps/cmd/gen/main.go:414.12,415.15 1 0
mindsteps/cmd/gen/main.go:421.2,428.57 1 0
mindsteps/cmd/gen/main.go:428.57,429.22 1 0
mindsteps/cmd/gen/main.go:430.14,431.21 1 0
mindsteps/cmd/gen/main.go:432.23,433.30 1 0
mindsteps/cmd/gen/main.go:434.16,435.23 1 0
mindsteps/cmd/gen/main.go:436.23,437.30 1 0
mindsteps/cmd/gen/main.go:438.27,439.34 1 0
mindsteps/cmd/gen/main.go:440.17,441.24 1 0
mindsteps/cmd/gen/main.go:442.22,443.29 1 0
mindsteps/cmd/gen/main.go:444.12,445.15 1 0
mindsteps/cmd/gen/main.go:460.2,468.57 1 0
mindsteps/cmd/gen/main.go:468.57,469.22 1 0
mindsteps/cmd/gen/main.go:470.14,471.21 1 0
mindsteps/cmd/gen/main.go:472.19,473.26 1 0
mindsteps/cmd/gen/main.go:474.22,475.29 1 0
mindsteps/cmd/gen/main.go:476.19,477.26 1 0
mindsteps/cmd/gen/main.go:478.21,479.28 1 0
mindsteps/cmd/gen/main.go:480.21,481.28 1 0
mindsteps/cmd/gen/main.go:482.25,483.32 1 0
mindsteps/cmd/gen/main.go:484.27,485.34 1 0
mindsteps/cmd/gen/main.go:486.17,487.24 1 0
mindsteps/cmd/gen/main.go:488.20,489.27 1 0
mindsteps/cmd/gen/main.go:490.19,491.26 1 0
mindsteps/cmd/gen/main.go:492.22,493.29 1 0
mindsteps/cmd/gen/main.go:494.12,495.15 1 0
mindsteps/cmd/gen/main.go:519.2,527.57 1 0
mindsteps/cmd/gen/main.go:527.57,528.22 1 0
mindsteps/cmd/gen/main.go:529.14,530.21 1 0
mindsteps/cmd/gen/main.go:531.19,532.26 1 0
mindsteps/cmd/gen/main.go:533.16,534.23 1 0
mindsteps/cmd/gen/main.go:535.23,536.30 1 0
mindsteps/cmd/gen/main.go:537.26,538.33 1 0
mindsteps/cmd/gen/main.go:539.17,540.24 1 0
mindsteps/cmd/gen/main.go:541.21,542.28 1 0
mindsteps/cmd/gen/main.go:543.22,544.29 1 0
mindsteps/cmd/gen/main.go:545.22,546.29 1 0
mindsteps/cmd/gen/main.go:547.12,548.15 1 0
mindsteps/cmd/gen/main.go:563.2,572.57 1 0
mindsteps/cmd/gen/main.go:572.57,573.22 1 0
mindsteps/cmd/gen/main.go:574.14,575.21 1 0
mindsteps/cmd/gen/main.go:576.19,577.26 1 0
mindsteps/cmd/gen/main.go:578.20,579.27 1 0
mindsteps/cmd/gen/main.go:580.17,581.24 1 0
mindsteps/cmd/gen/main.go:582.23,583.30 1 0
mindsteps/cmd/gen/main.go:584.21,585.28 1 0
mindsteps/cmd/gen/main.go:586.23,587.30 1 0
mindsteps/cmd/gen/main.go:588.18,589.25 1 0
mindsteps/cmd/gen/main.go:590.31,591.38 1 0
mindsteps/cmd/gen/main.go:592.21,593.28 1 0
mindsteps/cmd/gen/main.go:594.22,595.29 1 0
mindsteps/cmd/gen/main.go:596.22,597.29 1 0
mindsteps/cmd/gen/main.go:598.24,599.31 1 0
mindsteps/cmd/gen/main.go:600.12,601.15 1 0
mindsteps/cmd/gen/main.go:625.2,632.57 1 0
mindsteps/cmd/gen/main.go:632.57,633.22 1 0
mindsteps/cmd/gen/main.go:634.14,635.21 1 0
mindsteps/cmd/gen/main.go:636.19,637.26 1 0
mindsteps/cmd/gen/main.go:638.17,639.24 1 0
mindsteps/cmd/gen/main.go:640.23,641.30 1 0
mindsteps/cmd/gen/main.go:642.23,643.30 1 0
mindsteps/cmd/gen/main.go:644.24,645.31 1 0
mindsteps/cmd/gen/main.go:646.24,647.31 1 0
mindsteps/cmd/gen/main.go:648.22,649.29 1 0
mindsteps/cmd/gen/main.go:650.12,651.15 1 0
mindsteps/cmd/gen/main.go:666.2,672.57 1 0
mindsteps/cmd/gen/main.go:672.57,673.22 1 0
mindsteps/cmd/gen/main.go:674.14,675.21 1 0
mindsteps/cmd/gen/main.go:676.16,677.23 1 0
mindsteps/cmd/gen/main.go:678.23,679.30 1 0
mindsteps/cmd/gen/main.go:680.16,681.23 1 0
mindsteps/cmd/gen/main.go:682.17,683.24 1 0
mindsteps/cmd/gen/main.go:684.22,685.29 1 0
mindsteps/cmd/gen/main.go:686.22,687.29 1 0
mindsteps/cmd/gen/main.go:688.12,689.15 1 0
mindsteps/cmd/gen/main.go:695.2,709.57 1 0
mindsteps/cmd/gen/main.go:709.57,710.22 1 0
mindsteps/cmd/gen/main.go:711.14,712.21 1 0
mindsteps/cmd/gen/main.go:713.23,714.30 1 0
mindsteps/cmd/gen/main.go:715.21,716.28 1 0
mindsteps/cmd/gen/main.go:717.17,718.24 1 0
mindsteps/cmd/gen/main.go:719.16,720.23 1 0
mindsteps/cmd/gen/main.go:721.23,722.30 1 0
mindsteps/cmd/gen/main.go:723.19,724.26 1 0
mindsteps/cmd/gen/main.go:725.23,726.30 1 0
mindsteps/cmd/gen/main.go:727.28,728.35 1 0
mindsteps/cmd/gen/main.go:729.26,730.33 1 0
mindsteps/cmd/gen/main.go:731.30,732.37 1 0
mindsteps/cmd/gen/main.go:733.25,734.32 1 0
mindsteps/cmd/gen/main.go:735.21,736.28 1 0
mindsteps/cmd/gen/main.go:737.25,738.32 1 0
mindsteps/cmd/gen/main.go:739.16,740.23 1 0
mindsteps/cmd/gen/main.go:741.22,742.29 1 0
mindsteps/cmd/gen/main.go:743.24,744.31 1 0
mindsteps/cmd/gen/main.go:745.22,746.29 1 0
mindsteps/cmd/gen/main.go:747.22,748.29 1 0
mindsteps/cmd/gen/main.go:749.22,750.29 1 0
mindsteps/cmd/gen/main.go:751.22,752.29 1 0
mindsteps/cmd/gen/main.go:753.24,754.31 1 0
mindsteps/cmd/gen/main.go:755.12,756.15 1 0
mindsteps/cmd/gen/main.go:780.2,790.57 1 0
mindsteps/cmd/gen/main.go:790.57,791.22 1 0
mindsteps/cmd/gen/main.go:792.14,793.21 1 0
mindsteps/cmd/gen/main.go:794.21,795.28 1 0
mindsteps/cmd/gen/main.go:796.19,797.26 1 0
mindsteps/cmd/gen/main.go:798.21,799.28 1 0
mindsteps/cmd/gen/main.go:800.19,801.26 1 0
mindsteps/cmd/gen/main.go:802.21,803.28 1 0
mindsteps/cmd/gen/main.go:804.22,805.29 1 0
mindsteps/cmd/gen/main.go:806.22,807.29 1 0
mindsteps/cmd/gen/main.go:808.22,809.29 1 0
mindsteps/cmd/gen/main.go:810.12,811.15 1 0
mindsteps/cmd/gen/main.go:844.2,851.57 1 0
mindsteps/cmd/gen/main.go:851.57,852.22 1 0
mindsteps/cmd/gen/main.go:853.14,854.21 1 0
mindsteps/cmd/gen/main.go:855.21,856.28 1 0
mindsteps/cmd/gen/main.go:857.19,858.26 1 0
mindsteps/cmd/gen/main.go:859.25,860.32 1 0
mindsteps/cmd/gen/main.go:861.22,862.29 1 0
mindsteps/cmd/gen/main.go:863.12,864.15 1 0
mindsteps/cmd/gen/main.go:888.2,898.57 1 0
mindsteps/cmd/gen/main.go:898.57,899.22 1 0
mindsteps/cmd/gen/main.go:900.14,901.21 1 0
mindsteps/cmd/gen/main.go:902.21,903.28 1 0
mindsteps/cmd/gen/main.go:904.19,905.26 1 0
mindsteps/cmd/gen/main.go:906.31,907.38 1 0
mindsteps/cmd/gen/main.go:908.18,909.25 1 0
mindsteps/cmd/gen/main.go:910.22,911.29 1 0
mindsteps/cmd/gen/main.go:912.25,913.32 1 0
mindsteps/cmd/gen/main.go:914.27,915.34 1 0
mindsteps/cmd/gen/main.go:916.18,917.25 1 0
mindsteps/cmd/gen/main.go:918.23,919.30 1 0
mindsteps/cmd/gen/main.go:920.22,921.29 1 0
mindsteps/cmd/gen/main.go:922.22,923.29 1 0
mindsteps/cmd/gen/main.go:924.12,925.15 1 0
mindsteps/cmd/gen/main.go:949.2,955.57 1 0
mindsteps/cmd/gen/main.go:955.57,956.22 1 0
mindsteps/cmd/gen/main.go:957.14,958.21 1 0
mindsteps/cmd/gen/main.go:959.16,960.23 1 0
mindsteps/cmd/gen/main.go:961.23,962.30 1 0
mindsteps/cmd/gen/main.go:963.24,964.31 1 0
mindsteps/cmd/gen/main.go:965.28,966.35 1 0
mindsteps/cmd/gen/main.go:967.32,968.39 1 0
mindsteps/cmd/gen/main.go:969.22,970.29 1 0
mindsteps/cmd/gen/main.go:971.12,972.15 1 0
mindsteps/cmd/gen/main.go:978.2,989.57 1 0
mindsteps/cmd/gen/main.go:989.57,990.22 1 0
mindsteps/cmd/gen/main.go:991.14,992.21 1 0
mindsteps/cmd/gen/main.go:993.19,994.26 1 0
mindsteps/cmd/gen/main.go:995.24,996.31 1 0
mindsteps/cmd/gen/main.go:997.24,998.31 1 0
mindsteps/cmd/gen/main.go:999.22,1000.29 1 0
mindsteps/cmd/gen/main.go:1001.28,1002.35 1 0
mindsteps/cmd/gen/main.go:1003.27,1004.34 1 0
mindsteps/cmd/gen/main.go:1005.26,1006.33 1 0
mindsteps/cmd/gen/main.go:1007.23,1008.30 1 0
mindsteps/cmd/gen/main.go:1009.22,1010.29 1 0
mindsteps/cmd/gen/main.go:1011.17,1012.24 1 0
mindsteps/cmd/gen/main.go:1013.25,1014.32 1 0
mindsteps/cmd/gen/main.go:1015.23,1016.30 1 0
mindsteps/cmd/gen/main.go:1017.22,1018.29 1 0
mindsteps/cmd/gen/main.go:1019.12,1020.15 1 0
mindsteps/cmd/gen/main.go:1044.2,1052.57 1 0
mindsteps/cmd/gen/main.go:1052.57,1053.22 1 0
mindsteps/cmd/gen/main.go:1054.14,1055.21 1 0
mindsteps/cmd/gen/main.go:1056.25,1057.32 1 0
mindsteps/cmd/gen/main.go:1058.23,1059.30 1 0
mindsteps/cmd/gen/main.go:1060.22,1061.29 1 0
mindsteps/cmd/gen/main.go:1062.18,1063.25 1 0
mindsteps/cmd/gen/main.go:1064.21,1065.28 1 0
mindsteps/cmd/gen/main.go:1066.22,1067.29 1 0
mindsteps/cmd/gen/main.go:1068.12,1069.15 1 0
mindsteps/cmd/gen/main.go:1075.2,1095.57 1 0
mindsteps/cmd/gen/main.go:1095.57,1096.22 1 0
mindsteps/cmd/gen/main.go:1097.14,1098.21 1 0
mindsteps/cmd/gen/main.go:1099.22,1100.29 1 0
mindsteps/cmd/gen/main.go:1101.19,1102.26 1 0
mindsteps/cmd/gen/main.go:1103.29,1104.36 1 0
mindsteps/cmd/gen/main.go:1105.28,1106.35 1 0
mindsteps/cmd/gen/main.go:1107.29,1108.36 1 0
mindsteps/cmd/gen/main.go:1109.33,1110.40 1 0
mindsteps/cmd/gen/main.go:1111.33,1112.40 1 0
mindsteps/cmd/gen/main.go:1113.32,1114.39 1 0
mindsteps/cmd/gen/main.go:1115.27,1116.34 1 0
mindsteps/cmd/gen/main.go:1117.33,1118.40 1 0
mindsteps/cmd/gen/main.go:1119.29,1120.36 1 0
mindsteps/cmd/gen/main.go:1121.29,1122.36 1 0
mindsteps/cmd/gen/main.go:1123.29,1124.36 1 0
mindsteps/cmd/gen/main.go:1125.31,1126.38 1 0
mindsteps/cmd/gen/main.go:1127.29,1128.36 1 0
mindsteps/cmd/gen/main.go:1129.33,1130.40 1 0
mindsteps/cmd/gen/main.go:1131.29,1132.36 1 0
mindsteps/cmd/gen/main.go:1133.31,1134.38 1 0
mindsteps/cmd/gen/main.go:1135.32,1136.39 1 0
mindsteps/cmd/gen/main.go:1137.24,1138.31 1 0
mindsteps/cmd/gen/main.go:1139.24,1140.31 1 0
mindsteps/cmd/gen/main.go:1141.25,1142.32 1 0
mindsteps/cmd/gen/main.go:1143.30,1144.37 1 0
mindsteps/cmd/gen/main.go:1145.31,1146.38 1 0
mindsteps/cmd/gen/main.go:1147.22,1148.29 1 0
mindsteps/cmd/gen/main.go:1149.12,1150.15 1 0
mindsteps/cmd/gen/main.go:1174.2,1186.57 1 0
mindsteps/cmd/gen/main.go:1186.57,1187.22 1 0
mindsteps/cmd/gen/main.go:1188.14,1189.21 1 0
mindsteps/cmd/gen/main.go:1190.25,1191.32 1 0
mindsteps/cmd/gen/main.go:1192.19,1193.26 1 0
mindsteps/cmd/gen/main.go:1194.34,1195.41 1 0
mindsteps/cmd/gen/main.go:1196.33,1197.40 1 0
mindsteps/cmd/gen/main.go:1198.38,1199.45 1 0
mindsteps/cmd/gen/main.go:1200.40,1201.47 1 0
mindsteps/cmd/gen/main.go:1202.29,1203.36 1 0
mindsteps/cmd/gen/main.go:1204.35,1205.42 1 0
mindsteps/cmd/gen/main.go:1206.25,1207.32 1 0
mindsteps/cmd/gen/main.go:1208.25,1209.32 1 0
mindsteps/cmd/gen/main.go:1210.22,1211.29 1 0
mindsteps/cmd/gen/main.go:1212.12,1213.15 1 0
mindsteps/cmd/gen/main.go:1237.2,1251.57 1 0
mindsteps/cmd/gen/main.go:1251.57,1252.22 1 0
mindsteps/cmd/gen/main.go:1253.14,1254.21 1 0
mindsteps/cmd/gen/main.go:1255.19,1256.26 1 0
mindsteps/cmd/gen/main.go:1257.27,1258.34 1 0
mindsteps/cmd/gen/main.go:1259.24,1260.31 1 0
mindsteps/cmd/gen/main.go:1261.22,1262.29 1 0
mindsteps/cmd/gen/main.go:1263.37,1264.44 1 0
mindsteps/cmd/gen/main.go:1265.32,1266.39 1 0
mindsteps/cmd/gen/main.go:1267.30,1268.37 1 0
mindsteps/cmd/gen/main.go:1269.39,1270.46 1 0
mindsteps/cmd/gen/main.go:1271.35,1272.42 1 0
mindsteps/cmd/gen/main.go:1273.28,1274.35 1 0
mindsteps/cmd/gen/main.go:1275.35,1276.42 1 0
mindsteps/cmd/gen/main.go:1277.39,1278.46 1 0
mindsteps/cmd/gen/main.go:1279.35,1280.42 1 0
mindsteps/cmd/gen/main.go:1281.31,1282.38 1 0
mindsteps/cmd/gen/main.go:1283.36,1284.43 1 0
mindsteps/cmd/gen/main.go:1285.36,1286.43 1 0
mindsteps/cmd/gen/main.go:1287.24,1288.31 1 0
mindsteps/cmd/gen/main.go:1289.12,1290.15 1 0
mindsteps/cmd/gen/main.go:1305.2,1313.57 1 0
mindsteps/cmd/gen/main.go:1313.57,1314.22 1 0
mindsteps/cmd/gen/main.go:1315.14,1316.21 1 0
mindsteps/cmd/gen/main.go:1317.19,1318.26 1 0
mindsteps/cmd/gen/main.go:1319.23,1320.30 1 0
mindsteps/cmd/gen/main.go:1321.21,1322.28 1 0
mindsteps/cmd/gen/main.go:1323.25,1324.32 1 0
mindsteps/cmd/gen/main.go:1325.23,1326.30 1 0
mindsteps/cmd/gen/main.go:1327.23,1328.30 1 0
mindsteps/cmd/gen/main.go:1329.22,1330.29 1 0
mindsteps/cmd/gen/main.go:1331.12,1332.15 1 0
mindsteps/cmd/gen/main.go:1347.2,1354.57 1 0
mindsteps/cmd/gen/main.go:1354.57,1355.22 1 0
mindsteps/cmd/gen/main.go:1356.14,1357.21 1 0
mindsteps/cmd/gen/main.go:1358.19,1359.26 1 0
mindsteps/cmd/gen/main.go:1360.24,1361.31 1 0
mindsteps/cmd/gen/main.go:1362.17,1363.24 1 0
mindsteps/cmd/gen/main.go:1364.23,1365.30 1 0
mindsteps/cmd/gen/main.go:1366.23,1367.30 1 0
mindsteps/cmd/gen/main.go:1368.24,1369.31 1 0
mindsteps/cmd/gen/main.go:1370.22,1371.29 1 0
mindsteps/cmd/gen/main.go:1372.19,1373.26 1 0
mindsteps/cmd/gen/main.go:1374.20,1375.27 1 0
mindsteps/cmd/gen/main.go:1376.22,1377.29 1 0
mindsteps/cmd/gen/main.go:1378.12,1379.15 1 0
mindsteps/cmd/gen/main.go:1394.2,1401.57 1 0
mindsteps/cmd/gen/main.go:1401.57,1402.22 1 0
mindsteps/cmd/gen/main.go:1403.14,1404.21 1 0
mindsteps/cmd/gen/main.go:1405.19,1406.26 1 0
mindsteps/cmd/gen/main.go:1407.23,1408.30 1 0
mindsteps/cmd/gen/main.go:1409.24,1410.31 1 0
mindsteps/cmd/gen/main.go:1411.22,1412.29 1 0
mindsteps/cmd/gen/main.go:1413.35,1414.42 1 0
mindsteps/cmd/gen/main.go:1415.24,1416.31 1 0
mindsteps/cmd/gen/main.go:1417.28,1418.35 1 0
mindsteps/cmd/gen/main.go:1419.25,1420.32 1 0
mindsteps/cmd/gen/main.go:1421.30,1422.37 1 0
mindsteps/cmd/gen/main.go:1423.28,1424.35 1 0
mindsteps/cmd/gen/main.go:1425.33,1426.40 1 0
mindsteps/cmd/gen/main.go:1427.40,1428.47 1 0
mindsteps/cmd/gen/main.go:1429.24,1430.31 1 0
mindsteps/cmd/gen/main.go:1431.12,1432.15 1 0
mindsteps/cmd/gen/main.go:1447.2,1458.57 1 0
mindsteps/cmd/gen/main.go:1458.57,1459.22 1 0
mindsteps/cmd/gen/main.go:1460.14,1461.21 1 0
mindsteps/cmd/gen/main.go:1462.19,1463.26 1 0
mindsteps/cmd/gen/main.go:1464.28,1465.35 1 0
mindsteps/cmd/gen/main.go:1466.31,1467.38 1 0
mindsteps/cmd/gen/main.go:1468.31,1469.38 1 0
mindsteps/cmd/gen/main.go:1470.25,1471.32 1 0
mindsteps/cmd/gen/main.go:1472.30,1473.37 1 0
mindsteps/cmd/gen/main.go:1474.29,1475.36 1 0
mindsteps/cmd/gen/main.go:1476.25,1477.32 1 0
mindsteps/cmd/gen/main.go:1478.17,1479.24 1 0
mindsteps/cmd/gen/main.go:1480.20,1481.27 1 0
mindsteps/cmd/gen/main.go:1482.22,1483.29 1 0
mindsteps/cmd/gen/main.go:1484.22,1485.29 1 0
mindsteps/cmd/gen/main.go:1486.12,1487.15 1 0
mindsteps/cmd/gen/main.go:1502.2,1509.57 1 0
mindsteps/cmd/gen/main.go:1509.57,1510.22 1 0
mindsteps/cmd/gen/main.go:1511.14,1512.21 1 0
mindsteps/cmd/gen/main.go:1513.19,1514.26 1 0
mindsteps/cmd/gen/main.go:1515.17,1516.24 1 0
mindsteps/cmd/gen/main.go:1517.19,1518.26 1 0
mindsteps/cmd/gen/main.go:1519.29,1520.36 1 0
mindsteps/cmd/gen/main.go:1521.19,1522.26 1 0
mindsteps/cmd/gen/main.go:1523.22,1524.29 1 0
mindsteps/cmd/gen/main.go:1525.25,1526.32 1 0
mindsteps/cmd/gen/main.go:1527.19,1528.26 1 0
mindsteps/cmd/gen/main.go:1529.22,1530.29 1 0
mindsteps/cmd/gen/main.go:1531.12,1532.15 1 0
mindsteps/cmd/gen/main.go:1547.2,1582.13 2 0
mindsteps/config/config.go:70.17,123.2 2 0
mindsteps/config/config.go:125.20,126.16 1 0
mindsteps/config/config.go:126.16,128.3 1 0
mindsteps/config/config.go:130.2,130.12 1 0
mindsteps/config/config.go:133.36,135.15 2 0
mindsteps/config/config.go:135.15,137.3 1 0
mindsteps/config/config.go:139.2,139.12 1 0
mindsteps/config/config.go:142.30,146.16 3 0
mindsteps/config/config.go:146.16,148.3 1 0
mindsteps/config/config.go:150.2,150.12 1 0
mindsteps/cmd/api/main.go:19.13,42.34 5 0
mindsteps/cmd/api/main.go:42.34,43.49 1 0
mindsteps/cmd/api/main.go:43.49,45.6 1 0
mindsteps/cmd/api/main.go:47.5,47.17 1 0
mindsteps/cmd/api/main.go:52.2,58.16 5 0
mindsteps/cmd/api/main.go:58.16,60.3 1 0
mindsteps/cmd/api/main.go:62.2,62.45 1 0
mindsteps/database/model/ai_journal_detailed_analysis.gen.go:46.54,48.2 1 0
mindsteps/database/model/ai_mood_analysis.gen.go:32.43,34.2 1 0
mindsteps/database/model/ai_progress_tracking.gen.go:37.47,39.2 1 0
mindsteps/database/model/ai_scoring_criteria.gen.go:25.46,27.2 1 0
mindsteps/database/model/auth_otp.gen.go:28.36,30.2 1 0
mindsteps/database/model/core_values.gen.go:28.39,30.2 1 0
mindsteps/database/model/goal_milestones.gen.go:27.43,29.2 1 0
mindsteps/database/model/goals.gen.go:33.34,35.2 1 0
mindsteps/database/model/journals.gen.go:30.37,32.2 1 0
mindsteps/database/model/lesson_categories.gen.go:25.45,27.2 1 0
mindsteps/database/model/lesson_comments.gen.go:29.43,31.2 1 0
mindsteps/database/model/lesson_reactions.gen.go:25.44,27.2 1 0
mindsteps/database/model/lessons.gen.go:41.36,43.2 1 0
mindsteps/database/model/meditation_sessions.gen.go:34.47,36.2 1 0
mindsteps/database/model/meditation_techniques.gen.go:25.49,27.2 1 0
mindsteps/database/model/mood_categories.gen.go:23.43,25.2 1 0
mindsteps/database/model/mood_entries.gen.go:32.40,34.2 1 0
mindsteps/database/model/moods.gen.go:26.34,28.2 1 0
mindsteps/database/model/notifications.gen.go:29.42,31.2 1 0
mindsteps/database/model/progress_reports.gen.go:33.44,35.2 1 0
mindsteps/database/model/role_owners.gen.go:26.39,28.2 1 0
mindsteps/database/model/roles.gen.go:29.34,31.2 1 0
mindsteps/database/model/scoring_history.gen.go:27.43,29.2 1 0
mindsteps/database/model/user_achievements.gen.go:28.45,30.2 1 0
mindsteps/database/model/user_insights.gen.go:30.41,32.2 1 0
mindsteps/database/model/user_lesson_progress.gen.go:32.47,34.2 1 0
mindsteps/database/model/user_levels.gen.go:29.39,31.2 1 0
mindsteps/database/model/user_preferences.gen.go:32.44,34.2 1 0
mindsteps/database/model/user_streaks.gen.go:27.40,29.2 1 0
mindsteps/database/model/users.gen.go:31.34,33.2 1 0
mindsteps/internal/auth/handler/auth.go:15.65,17.2 1 0
mindsteps/internal/auth/handler/auth.go:19.52,21.41 2 0
mindsteps/internal/auth/handler/auth.go:21.41,23.3 1 0
mindsteps/internal/auth/handler/auth.go:24.2,24.37 1 0
mindsteps/internal/auth/handler/auth.go:24.37,26.3 1 0
mindsteps/internal/auth/handler/auth.go:28.2,29.16 2 0
mindsteps/internal/auth/handler/auth.go:29.16,31.3 1 0
mindsteps/internal/auth/handler/auth.go:32.2,32.33 1 0
mindsteps/internal/auth/handler/auth.go:35.49,37.41 2 0
mindsteps/internal/auth/handler/auth.go:37.41,39.3 1 0
mindsteps/internal/auth/handler/auth.go:41.2,42.16 2 0
mindsteps/internal/auth/handler/auth.go:42.16,44.3 1 0
mindsteps/internal/auth/handler/auth.go:46.2,46.33 1 0
mindsteps/internal/auth/repository/auth.go:26.55,36.2 2 0
mindsteps/internal/auth/repository/auth.go:40.48,45.29 2 0
mindsteps/internal/auth/repository/auth.go:45.29,46.36 1 0
mindsteps/internal/auth/repository/auth.go:46.36,48.4 1 0
mindsteps/internal/auth/repository/auth.go:50.3,50.13 1 0
mindsteps/internal/auth/repository/auth.go:53.2,53.10 1 0
mindsteps/internal/auth/repository/auth.go:57.54,59.2 1 0
mindsteps/internal/auth/repository/auth.go:63.44,66.16 2 0
mindsteps/internal/auth/repository/auth.go:66.16,68.3 1 0
mindsteps/internal/auth/repository/auth.go:70.2,72.12 2 0
mindsteps/internal/auth/repository/auth.go:76.34,78.2 1 0
mindsteps/internal/auth/repository/auth.go:82.44,83.15 1 0
mindsteps/internal/auth/repository/auth.go:83.15,85.3 1 0
mindsteps/internal/auth/repository/auth.go:85.8,85.24 1 0
mindsteps/internal/auth/repository/auth.go:85.24,87.3 1 0
mindsteps/internal/auth/repository/auth.go:87.8,87.73 1 0
mindsteps/internal/auth/repository/auth.go:87.73,89.3 1 0
mindsteps/internal/auth/repository/auth.go:91.2,91.35 1 0
mindsteps/internal/auth/repository/auth.go:91.35,95.3 2 0
mindsteps/internal/auth/repository/auth.go:97.2,97.13 1 0
mindsteps/internal/auth/repository/auth.go:102.32,104.2 1 0
mindsteps/internal/auth/repository/auth.go:108.34,110.2 1 0
mindsteps/internal/auth/repository/auth.go:112.73,116.83 3 0
mindsteps/internal/auth/repository/auth.go:116.83,118.3 1 0
mindsteps/internal/auth/repository/auth.go:121.2,122.16 2 0
mindsteps/internal/auth/repository/auth.go:122.16,124.3 1 0
mindsteps/internal/auth/repository/auth.go:127.2,127.71 1 0
mindsteps/internal/auth/repository/auth.go:127.71,129.3 1 0
mindsteps/internal/auth/repository/auth.go:131.2,131.19 1 0
mindsteps/internal/auth/init.go:10.21,18.16 4 0
mindsteps/internal/auth/init.go:18.16,21.3 2 0
mindsteps/internal/auth/init.go:22.2,25.16 3 0
mindsteps/internal/auth/init.go:25.16,28.3 2 0
mindsteps/internal/auth/init.go:29.2,31.16 2 0
mindsteps/internal/auth/jwt.go:23.89,29.2 3 0
mindsteps/internal/auth/jwt.go:31.58,32.14 1 0
mindsteps/internal/auth/jwt.go:32.14,34.3 1 0
mindsteps/internal/auth/jwt.go:35.2,36.92 2 0
mindsteps/internal/auth/jwt.go:36.92,37.57 1 0
mindsteps/internal/auth/jwt.go:37.57,39.4 1 0
mindsteps/internal/auth/jwt.go:40.3,40.23 1 0
mindsteps/internal/auth/jwt.go:41.17,43.3 1 0
mindsteps/internal/auth/jwt.go:44.2,44.16 1 0
mindsteps/internal/auth/middleware.go:14.85,17.45 3 0
mindsteps/internal/auth/middleware.go:17.45,20.3 2 0
mindsteps/internal/auth/middleware.go:21.2,21.8 1 0
mindsteps/internal/auth/middleware.go:24.53,26.16 2 0
mindsteps/internal/auth/middleware.go:26.16,29.3 2 0
mindsteps/internal/auth/middleware.go:31.2,31.18 1 0
mindsteps/internal/auth/middleware.go:34.42,36.16 2 0
mindsteps/internal/auth/middleware.go:36.16,38.3 1 0
mindsteps/internal/auth/middleware.go:39.2,40.16 2 0
mindsteps/internal/auth/middleware.go:40.16,42.3 1 0
mindsteps/internal/auth/middleware.go:43.2,46.17 3 0
mindsteps/internal/auth/middleware.go:49.40,51.16 2 0
mindsteps/internal/auth/middleware.go:51.16,53.3 1 0
mindsteps/internal/auth/middleware.go:54.2,55.16 2 0
mindsteps/internal/auth/middleware.go:55.16,57.3 1 0
mindsteps/internal/auth/middleware.go:58.2,61.17 3 0
mindsteps/internal/auth/middleware.go:78.62,79.34 1 0
mindsteps/internal/auth/middleware.go:79.34,81.17 2 0
mindsteps/internal/auth/middleware.go:81.17,83.4 1 0
mindsteps/internal/auth/middleware.go:85.3,86.17 2 0
mindsteps/internal/auth/middleware.go:86.17,88.4 1 0
mindsteps/internal/auth/middleware.go:90.3,92.19 2 0
mindsteps/internal/auth/middleware.go:92.19,94.4 1 0
mindsteps/internal/auth/middleware.go:96.3,97.27 2 0
mindsteps/internal/auth/middleware.go:97.27,98.24 1 0
mindsteps/internal/auth/middleware.go:98.24,100.10 2 0
mindsteps/internal/auth/middleware.go:102.4,109.23 6 0
mindsteps/internal/auth/middleware.go:109.23,110.10 1 0
mindsteps/internal/auth/middleware.go:114.3,114.23 1 0
mindsteps/internal/auth/middleware.go:114.23,116.4 1 0
mindsteps/internal/auth/middleware.go:118.3,119.18 2 0
mindsteps/internal/auth/middleware.go:123.37,124.23 1 0
mindsteps/internal/auth/middleware.go:124.23,127.3 2 0
mindsteps/internal/auth/middleware.go:128.2,128.13 1 0
mindsteps/internal/auth/token.go:21.40,24.9 3 0
mindsteps/internal/auth/token.go:24.9,26.3 1 0
mindsteps/internal/auth/token.go:27.2,27.13 1 0
mindsteps/internal/auth/token.go:30.58,32.16 2 0
mindsteps/internal/auth/token.go:32.16,34.3 1 0
mindsteps/internal/auth/token.go:36.2,36.19 1 0
mindsteps/internal/auth/token.go:39.87,46.16 3 0
mindsteps/internal/auth/token.go:46.16,48.3 1 0
mindsteps/internal/auth/token.go:50.2,50.19 1 0
mindsteps/database/query/ai_journal_detailed_analysis.gen.go:22.96,76.2 35 0
mindsteps/database/query/ai_journal_detailed_analysis.gen.go:115.90,118.2 2 0
mindsteps/database/query/ai_journal_detailed_analysis.gen.go:120.80,123.2 2 0
mindsteps/database/query/ai_journal_detailed_analysis.gen.go:125.94,157.2 29 0
mindsteps/database/query/ai_journal_detailed_analysis.gen.go:159.99,161.2 1 0
mindsteps/database/query/ai_journal_detailed_analysis.gen.go:163.55,165.2 1 0
mindsteps/database/query/ai_journal_detailed_analysis.gen.go:167.51,167.99 1 0
mindsteps/database/query/ai_journal_detailed_analysis.gen.go:169.76,171.2 1 0
mindsteps/database/query/ai_journal_detailed_analysis.gen.go:173.94,175.22 2 0
mindsteps/database/query/ai_journal_detailed_analysis.gen.go:175.22,177.3 1 0
mindsteps/database/query/ai_journal_detailed_analysis.gen.go:178.2,179.16 2 0
mindsteps/database/query/ai_journal_detailed_analysis.gen.go:182.52,211.2 27 0
mindsteps/database/query/ai_journal_detailed_analysis.gen.go:213.81,220.2 6 0
mindsteps/database/query/ai_journal_detailed_analysis.gen.go:222.85,227.2 4 0
mindsteps/database/query/ai_journal_detailed_analysis.gen.go:239.122,240.21 1 0
mindsteps/database/query/ai_journal_detailed_analysis.gen.go:240.21,242.3 1 0
mindsteps/database/query/ai_journal_detailed_analysis.gen.go:244.2,245.29 2 0
mindsteps/database/query/ai_journal_detailed_analysis.gen.go:245.29,247.3 1 0
mindsteps/database/query/ai_journal_detailed_analysis.gen.go:248.2,249.11 2 0
mindsteps/database/query/ai_journal_detailed_analysis.gen.go:252.128,255.2 2 0
mindsteps/database/query/ai_journal_detailed_analysis.gen.go:257.126,260.2 2 0
mindsteps/database/query/ai_journal_detailed_analysis.gen.go:262.139,264.2 1 0
mindsteps/database/query/ai_journal_detailed_analysis.gen.go:266.106,269.2 2 0
mindsteps/database/query/ai_journal_detailed_analysis.gen.go:273.97,275.2 1 0
mindsteps/database/query/ai_journal_detailed_analysis.gen.go:277.100,279.27 2 0
mindsteps/database/query/ai_journal_detailed_analysis.gen.go:279.27,281.3 1 0
mindsteps/database/query/ai_journal_detailed_analysis.gen.go:282.2,282.37 1 0
mindsteps/database/query/ai_journal_detailed_analysis.gen.go:285.101,287.27 2 0
mindsteps/database/query/ai_journal_detailed_analysis.gen.go:287.27,289.3 1 0
mindsteps/database/query/ai_journal_detailed_analysis.gen.go:290.2,290.38 1 0
mindsteps/database/query/ai_journal_detailed_analysis.gen.go:293.100,295.27 2 0
mindsteps/database/query/ai_journal_detailed_analysis.gen.go:295.27,297.3 1 0
mindsteps/database/query/ai_journal_detailed_analysis.gen.go:298.2,298.37 1 0
mindsteps/database/query/ai_journal_detailed_analysis.gen.go:301.68,303.2 1 0
mindsteps/database/query/ai_journal_detailed_analysis.gen.go:305.68,307.2 1 0
mindsteps/database/query/ai_journal_detailed_analysis.gen.go:309.110,312.2 2 0
mindsteps/database/query/ai_journal_detailed_analysis.gen.go:320.116,321.21 1 0
mindsteps/database/query/ai_journal_detailed_analysis.gen.go:321.21,323.3 1 0
mindsteps/database/query/ai_journal_detailed_analysis.gen.go:325.2,326.29 2 0
mindsteps/database/query/ai_journal_detailed_analysis.gen.go:326.29,328.3 1 0
mindsteps/database/query/ai_journal_detailed_analysis.gen.go:329.2,330.11 2 0
mindsteps/database/query/ai_journal_detailed_analysis.gen.go:333.122,336.2 2 0
mindsteps/database/query/ai_journal_detailed_analysis.gen.go:338.120,341.2 2 0
mindsteps/database/query/ai_journal_detailed_analysis.gen.go:343.133,345.2 1 0
mindsteps/database/query/ai_journal_detailed_analysis.gen.go:347.100,350.2 2 0
mindsteps/database/query/ai_journal_detailed_analysis.gen.go:354.91,356.2 1 0
mindsteps/database/query/ai_journal_detailed_analysis.gen.go:358.94,360.27 2 0
mindsteps/database/query/ai_journal_detailed_analysis.gen.go:360.27,362.3 1 0
mindsteps/database/query/ai_journal_detailed_analysis.gen.go:363.2,363.37 1 0
mindsteps/database/query/ai_journal_detailed_analysis.gen.go:366.95,368.27 2 0
mindsteps/database/query/ai_journal_detailed_analysis.gen.go:368.27,370.3 1 0
mindsteps/database/query/ai_journal_detailed_analysis.gen.go:371.2,371.38 1 0
mindsteps/database/query/ai_journal_detailed_analysis.gen.go:374.94,376.27 2 0
mindsteps/database/query/ai_journal_detailed_analysis.gen.go:376.27,378.3 1 0
mindsteps/database/query/ai_journal_detailed_analysis.gen.go:379.2,379.37 1 0
mindsteps/database/query/ai_journal_detailed_analysis.gen.go:382.65,384.2 1 0
mindsteps/database/query/ai_journal_detailed_analysis.gen.go:386.65,388.2 1 0
mindsteps/database/query/ai_journal_detailed_analysis.gen.go:390.104,393.2 2 0
mindsteps/database/query/ai_journal_detailed_analysis.gen.go:397.75,399.2 1 0
mindsteps/database/query/ai_journal_detailed_analysis.gen.go:401.100,403.2 1 0
mindsteps/database/query/ai_journal_detailed_analysis.gen.go:405.76,407.2 1 0
mindsteps/database/query/ai_journal_detailed_analysis.gen.go:409.77,411.2 1 0
mindsteps/database/query/ai_journal_detailed_analysis.gen.go:413.97,415.2 1 0
mindsteps/database/query/ai_journal_detailed_analysis.gen.go:417.103,419.2 1 0
mindsteps/database/query/ai_journal_detailed_analysis.gen.go:421.115,423.2 1 0
mindsteps/database/query/ai_journal_detailed_analysis.gen.go:425.95,427.2 1 0
mindsteps/database/query/ai_journal_detailed_analysis.gen.go:429.94,431.2 1 0
mindsteps/database/query/ai_journal_detailed_analysis.gen.go:433.95,435.2 1 0
mindsteps/database/query/ai_journal_detailed_analysis.gen.go:437.97,439.2 1 0
mindsteps/database/query/ai_journal_detailed_analysis.gen.go:441.94,443.2 1 0
mindsteps/database/query/ai_journal_detailed_analysis.gen.go:445.96,447.2 1 0
mindsteps/database/query/ai_journal_detailed_analysis.gen.go:449.92,451.2 1 0
mindsteps/database/query/ai_journal_detailed_analysis.gen.go:453.111,455.2 1 0
mindsteps/database/query/ai_journal_detailed_analysis.gen.go:457.115,459.2 1 0
mindsteps/database/query/ai_journal_detailed_analysis.gen.go:461.116,463.2 1 0
mindsteps/database/query/ai_journal_detailed_analysis.gen.go:465.93,467.2 1 0
mindsteps/database/query/ai_journal_detailed_analysis.gen.go:469.98,471.2 1 0
mindsteps/database/query/ai_journal_detailed_analysis.gen.go:473.84,475.2 1 0
mindsteps/database/query/ai_journal_detailed_analysis.gen.go:477.86,479.2 1 0
mindsteps/database/query/ai_journal_detailed_analysis.gen.go:481.106,483.2 1 0
mindsteps/database/query/ai_journal_detailed_analysis.gen.go:485.78,487.2 1 0
mindsteps/database/query/ai_journal_detailed_analysis.gen.go:489.95,490.22 1 0
mindsteps/database/query/ai_journal_detailed_analysis.gen.go:490.22,492.3 1 0
mindsteps/database/query/ai_journal_detailed_analysis.gen.go:493.2,493.28 1 0
mindsteps/database/query/ai_journal_detailed_analysis.gen.go:496.118,498.2 1 0
mindsteps/database/query/ai_journal_detailed_analysis.gen.go:502.93,503.22 1 0
mindsteps/database/query/ai_journal_detailed_analysis.gen.go:503.22,505.3 1 0
mindsteps/database/query/ai_journal_detailed_analysis.gen.go:506.2,506.26 1 0
mindsteps/database/query/ai_journal_detailed_analysis.gen.go:509.88,510.45 1 0
mindsteps/database/query/ai_journal_detailed_analysis.gen.go:510.45,512.3 1 0
mindsteps/database/query/ai_journal_detailed_analysis.gen.go:512.8,514.3 1 0
mindsteps/database/query/ai_journal_detailed_analysis.gen.go:517.87,518.44 1 0
mindsteps/database/query/ai_journal_detailed_analysis.gen.go:518.44,520.3 1 0
mindsteps/database/query/ai_journal_detailed_analysis.gen.go:520.8,522.3 1 0
mindsteps/database/query/ai_journal_detailed_analysis.gen.go:525.87,526.44 1 0
mindsteps/database/query/ai_journal_detailed_analysis.gen.go:526.44,528.3 1 0
mindsteps/database/query/ai_journal_detailed_analysis.gen.go:528.8,530.3 1 0
mindsteps/database/query/ai_journal_detailed_analysis.gen.go:533.89,536.2 2 0
mindsteps/database/query/ai_journal_detailed_analysis.gen.go:538.159,540.78 2 0
mindsteps/database/query/ai_journal_detailed_analysis.gen.go:540.78,541.16 1 0
mindsteps/database/query/ai_journal_detailed_analysis.gen.go:541.16,541.53 1 0
mindsteps/database/query/ai_journal_detailed_analysis.gen.go:542.3,542.23 1 0
mindsteps/database/query/ai_journal_detailed_analysis.gen.go:544.2,544.21 1 0
mindsteps/database/query/ai_journal_detailed_analysis.gen.go:547.155,549.2 1 0
mindsteps/database/query/ai_journal_detailed_analysis.gen.go:551.100,553.2 1 0
mindsteps/database/query/ai_journal_detailed_analysis.gen.go:555.101,557.2 1 0
mindsteps/database/query/ai_journal_detailed_analysis.gen.go:559.104,560.28 1 0
mindsteps/database/query/ai_journal_detailed_analysis.gen.go:560.28,562.3 1 0
mindsteps/database/query/ai_journal_detailed_analysis.gen.go:563.2,563.11 1 0
mindsteps/database/query/ai_journal_detailed_analysis.gen.go:566.106,567.28 1 0
mindsteps/database/query/ai_journal_detailed_analysis.gen.go:567.28,569.3 1 0
mindsteps/database/query/ai_journal_detailed_analysis.gen.go:570.2,570.11 1 0
mindsteps/database/query/ai_journal_detailed_analysis.gen.go:573.94,574.51 1 0
mindsteps/database/query/ai_journal_detailed_analysis.gen.go:574.51,576.3 1 0
mindsteps/database/query/ai_journal_detailed_analysis.gen.go:576.8,578.3 1 0
mindsteps/database/query/ai_journal_detailed_analysis.gen.go:581.96,582.53 1 0
mindsteps/database/query/ai_journal_detailed_analysis.gen.go:582.53,584.3 1 0
mindsteps/database/query/ai_journal_detailed_analysis.gen.go:584.8,586.3 1 0
mindsteps/database/query/ai_journal_detailed_analysis.gen.go:589.140,591.16 2 0
mindsteps/database/query/ai_journal_detailed_analysis.gen.go:591.16,593.3 1 0
mindsteps/database/query/ai_journal_detailed_analysis.gen.go:595.2,595.64 1 0
mindsteps/database/query/ai_journal_detailed_analysis.gen.go:595.64,598.3 2 0
mindsteps/database/query/ai_journal_detailed_analysis.gen.go:600.2,601.8 2 0
mindsteps/database/query/ai_journal_detailed_analysis.gen.go:604.117,606.16 2 0
mindsteps/database/query/ai_journal_detailed_analysis.gen.go:606.16,608.3 1 0
mindsteps/database/query/ai_journal_detailed_analysis.gen.go:610.2,611.8 2 0
mindsteps/database/query/ai_journal_detailed_analysis.gen.go:614.75,616.2 1 0
mindsteps/database/query/ai_journal_detailed_analysis.gen.go:618.124,620.2 1 0
mindsteps/database/query/ai_journal_detailed_analysis.gen.go:622.87,625.2 2 0
mindsteps/database/query/ai_mood_analysis.gen.go:22.74,75.2 21 0
mindsteps/database/query/ai_mood_analysis.gen.go:100.68,103.2 2 0
mindsteps/database/query/ai_mood_analysis.gen.go:105.58,108.2 2 0
mindsteps/database/query/ai_mood_analysis.gen.go:110.72,128.2 15 0
mindsteps/database/query/ai_mood_analysis.gen.go:130.77,132.2 1 0
mindsteps/database/query/ai_mood_analysis.gen.go:134.44,134.85 1 0
mindsteps/database/query/ai_mood_analysis.gen.go:136.40,136.77 1 0
mindsteps/database/query/ai_mood_analysis.gen.go:138.65,140.2 1 0
mindsteps/database/query/ai_mood_analysis.gen.go:142.83,144.22 2 0
mindsteps/database/query/ai_mood_analysis.gen.go:144.22,146.3 1 0
mindsteps/database/query/ai_mood_analysis.gen.go:147.2,148.16 2 0
mindsteps/database/query/ai_mood_analysis.gen.go:151.41,166.2 13 0
mindsteps/database/query/ai_mood_analysis.gen.go:168.59,175.2 6 0
mindsteps/database/query/ai_mood_analysis.gen.go:177.63,182.2 4 0
mindsteps/database/query/ai_mood_analysis.gen.go:200.104,201.21 1 0
mindsteps/database/query/ai_mood_analysis.gen.go:201.21,203.3 1 0
mindsteps/database/query/ai_mood_analysis.gen.go:205.2,206.29 2 0
mindsteps/database/query/ai_mood_analysis.gen.go:206.29,208.3 1 0
mindsteps/database/query/ai_mood_analysis.gen.go:209.2,210.11 2 0
mindsteps/database/query/ai_mood_analysis.gen.go:213.110,216.2 2 0
mindsteps/database/query/ai_mood_analysis.gen.go:218.108,221.2 2 0
mindsteps/database/query/ai_mood_analysis.gen.go:223.110,225.2 1 0
mindsteps/database/query/ai_mood_analysis.gen.go:227.88,230.2 2 0
mindsteps/database/query/ai_mood_analysis.gen.go:234.91,236.2 1 0
mindsteps/database/query/ai_mood_analysis.gen.go:238.94,240.27 2 0
mindsteps/database/query/ai_mood_analysis.gen.go:240.27,242.3 1 0
mindsteps/database/query/ai_mood_analysis.gen.go:243.2,243.37 1 0
mindsteps/database/query/ai_mood_analysis.gen.go:246.95,248.27 2 0
mindsteps/database/query/ai_mood_analysis.gen.go:248.27,250.3 1 0
mindsteps/database/query/ai_mood_analysis.gen.go:251.2,251.38 1 0
mindsteps/database/query/ai_mood_analysis.gen.go:254.94,256.27 2 0
mindsteps/database/query/ai_mood_analysis.gen.go:256.27,258.3 1 0
mindsteps/database/query/ai_mood_analysis.gen.go:259.2,259.37 1 0
mindsteps/database/query/ai_mood_analysis.gen.go:262.59,264.2 1 0
mindsteps/database/query/ai_mood_analysis.gen.go:266.59,268.2 1 0
mindsteps/database/query/ai_mood_analysis.gen.go:270.92,273.2 2 0
mindsteps/database/query/ai_mood_analysis.gen.go:281.94,282.21 1 0
mindsteps/database/query/ai_mood_analysis.gen.go:282.21,284.3 1 0
mindsteps/database/query/ai_mood_analysis.gen.go:286.2,287.29 2 0
mindsteps/database/query/ai_mood_analysis.gen.go:287.29,289.3 1 0
mindsteps/database/query/ai_mood_analysis.gen.go:290.2,291.11 2 0
mindsteps/database/query/ai_mood_analysis.gen.go:294.100,297.2 2 0
mindsteps/database/query/ai_mood_analysis.gen.go:299.98,302.2 2 0
mindsteps/database/query/ai_mood_analysis.gen.go:304.100,306.2 1 0
mindsteps/database/query/ai_mood_analysis.gen.go:308.78,311.2 2 0
mindsteps/database/query/ai_mood_analysis.gen.go:315.80,317.2 1 0
mindsteps/database/query/ai_mood_analysis.gen.go:319.83,321.27 2 0
mindsteps/database/query/ai_mood_analysis.gen.go:321.27,323.3 1 0
mindsteps/database/query/ai_mood_analysis.gen.go:324.2,324.37 1 0
mindsteps/database/query/ai_mood_analysis.gen.go:327.84,329.27 2 0
mindsteps/database/query/ai_mood_analysis.gen.go:329.27,331.3 1 0
mindsteps/database/query/ai_mood_analysis.gen.go:332.2,332.38 1 0
mindsteps/database/query/ai_mood_analysis.gen.go:335.83,337.27 2 0
mindsteps/database/query/ai_mood_analysis.gen.go:337.27,339.3 1 0
mindsteps/database/query/ai_mood_analysis.gen.go:340.2,340.37 1 0
mindsteps/database/query/ai_mood_analysis.gen.go:343.54,345.2 1 0
mindsteps/database/query/ai_mood_analysis.gen.go:347.54,349.2 1 0
mindsteps/database/query/ai_mood_analysis.gen.go:351.82,354.2 2 0
mindsteps/database/query/ai_mood_analysis.gen.go:358.53,360.2 1 0
mindsteps/database/query/ai_mood_analysis.gen.go:362.78,364.2 1 0
mindsteps/database/query/ai_mood_analysis.gen.go:366.54,368.2 1 0
mindsteps/database/query/ai_mood_analysis.gen.go:370.55,372.2 1 0
mindsteps/database/query/ai_mood_analysis.gen.go:374.75,376.2 1 0
mindsteps/database/query/ai_mood_analysis.gen.go:378.81,380.2 1 0
mindsteps/database/query/ai_mood_analysis.gen.go:382.93,384.2 1 0
mindsteps/database/query/ai_mood_analysis.gen.go:386.73,388.2 1 0
mindsteps/database/query/ai_mood_analysis.gen.go:390.72,392.2 1 0
mindsteps/database/query/ai_mood_analysis.gen.go:394.73,396.2 1 0
mindsteps/database/query/ai_mood_analysis.gen.go:398.75,400.2 1 0
mindsteps/database/query/ai_mood_analysis.gen.go:402.72,404.2 1 0
mindsteps/database/query/ai_mood_analysis.gen.go:406.74,408.2 1 0
mindsteps/database/query/ai_mood_analysis.gen.go:410.70,412.2 1 0
mindsteps/database/query/ai_mood_analysis.gen.go:414.89,416.2 1 0
mindsteps/database/query/ai_mood_analysis.gen.go:418.93,420.2 1 0
mindsteps/database/query/ai_mood_analysis.gen.go:422.94,424.2 1 0
mindsteps/database/query/ai_mood_analysis.gen.go:426.71,428.2 1 0
mindsteps/database/query/ai_mood_analysis.gen.go:430.76,432.2 1 0
mindsteps/database/query/ai_mood_analysis.gen.go:434.62,436.2 1 0
mindsteps/database/query/ai_mood_analysis.gen.go:438.64,440.2 1 0
mindsteps/database/query/ai_mood_analysis.gen.go:442.84,444.2 1 0
mindsteps/database/query/ai_mood_analysis.gen.go:446.56,448.2 1 0
mindsteps/database/query/ai_mood_analysis.gen.go:450.73,451.22 1 0
mindsteps/database/query/ai_mood_analysis.gen.go:451.22,453.3 1 0
mindsteps/database/query/ai_mood_analysis.gen.go:454.2,454.28 1 0
mindsteps/database/query/ai_mood_analysis.gen.go:457.96,459.2 1 0
mindsteps/database/query/ai_mood_analysis.gen.go:463.71,464.22 1 0
mindsteps/database/query/ai_mood_analysis.gen.go:464.22,466.3 1 0
mindsteps/database/query/ai_mood_analysis.gen.go:467.2,467.26 1 0
mindsteps/database/query/ai_mood_analysis.gen.go:470.66,471.45 1 0
mindsteps/database/query/ai_mood_analysis.gen.go:471.45,473.3 1 0
mindsteps/database/query/ai_mood_analysis.gen.go:473.8,475.3 1 0
mindsteps/database/query/ai_mood_analysis.gen.go:478.65,479.44 1 0
mindsteps/database/query/ai_mood_analysis.gen.go:479.44,481.3 1 0
mindsteps/database/query/ai_mood_analysis.gen.go:481.8,483.3 1 0
mindsteps/database/query/ai_mood_analysis.gen.go:486.65,487.44 1 0
mindsteps/database/query/ai_mood_analysis.gen.go:487.44,489.3 1 0
mindsteps/database/query/ai_mood_analysis.gen.go:489.8,491.3 1 0
mindsteps/database/query/ai_mood_analysis.gen.go:494.67,497.2 2 0
mindsteps/database/query/ai_mood_analysis.gen.go:499.137,501.78 2 0
mindsteps/database/query/ai_mood_analysis.gen.go:501.78,502.16 1 0
mindsteps/database/query/ai_mood_analysis.gen.go:502.16,502.53 1 0
mindsteps/database/query/ai_mood_analysis.gen.go:503.3,503.23 1 0
mindsteps/database/query/ai_mood_analysis.gen.go:505.2,505.21 1 0
mindsteps/database/query/ai_mood_analysis.gen.go:508.133,510.2 1 0
mindsteps/database/query/ai_mood_analysis.gen.go:512.78,514.2 1 0
mindsteps/database/query/ai_mood_analysis.gen.go:516.79,518.2 1 0
mindsteps/database/query/ai_mood_analysis.gen.go:520.82,521.28 1 0
mindsteps/database/query/ai_mood_analysis.gen.go:521.28,523.3 1 0
mindsteps/database/query/ai_mood_analysis.gen.go:524.2,524.11 1 0
mindsteps/database/query/ai_mood_analysis.gen.go:527.84,528.28 1 0
mindsteps/database/query/ai_mood_analysis.gen.go:528.28,530.3 1 0
mindsteps/database/query/ai_mood_analysis.gen.go:531.2,531.11 1 0
mindsteps/database/query/ai_mood_analysis.gen.go:534.72,535.51 1 0
mindsteps/database/query/ai_mood_analysis.gen.go:535.51,537.3 1 0
mindsteps/database/query/ai_mood_analysis.gen.go:537.8,539.3 1 0
mindsteps/database/query/ai_mood_analysis.gen.go:542.74,543.53 1 0
mindsteps/database/query/ai_mood_analysis.gen.go:543.53,545.3 1 0
mindsteps/database/query/ai_mood_analysis.gen.go:545.8,547.3 1 0
mindsteps/database/query/ai_mood_analysis.gen.go:550.118,552.16 2 0
mindsteps/database/query/ai_mood_analysis.gen.go:552.16,554.3 1 0
mindsteps/database/query/ai_mood_analysis.gen.go:556.2,556.64 1 0
mindsteps/database/query/ai_mood_analysis.gen.go:556.64,559.3 2 0
mindsteps/database/query/ai_mood_analysis.gen.go:561.2,562.8 2 0
mindsteps/database/query/ai_mood_analysis.gen.go:565.106,567.16 2 0
mindsteps/database/query/ai_mood_analysis.gen.go:567.16,569.3 1 0
mindsteps/database/query/ai_mood_analysis.gen.go:571.2,572.8 2 0
mindsteps/database/query/ai_mood_analysis.gen.go:575.64,577.2 1 0
mindsteps/database/query/ai_mood_analysis.gen.go:579.102,581.2 1 0
mindsteps/database/query/ai_mood_analysis.gen.go:583.65,586.2 2 0
mindsteps/database/query/ai_progress_tracking.gen.go:22.82,57.2 26 0
mindsteps/database/query/ai_progress_tracking.gen.go:86.76,89.2 2 0
mindsteps/database/query/ai_progress_tracking.gen.go:91.66,94.2 2 0
mindsteps/database/query/ai_progress_tracking.gen.go:96.80,120.2 21 0
mindsteps/database/query/ai_progress_tracking.gen.go:122.85,124.2 1 0
mindsteps/database/query/ai_progress_tracking.gen.go:126.48,126.93 1 0
mindsteps/database/query/ai_progress_tracking.gen.go:128.44,128.85 1 0
mindsteps/database/query/ai_progress_tracking.gen.go:130.69,132.2 1 0
mindsteps/database/query/ai_progress_tracking.gen.go:134.87,136.22 2 0
mindsteps/database/query/ai_progress_tracking.gen.go:136.22,138.3 1 0
mindsteps/database/query/ai_progress_tracking.gen.go:139.2,140.16 2 0
mindsteps/database/query/ai_progress_tracking.gen.go:143.45,164.2 19 0
mindsteps/database/query/ai_progress_tracking.gen.go:166.67,171.2 4 0
mindsteps/database/query/ai_progress_tracking.gen.go:173.71,177.2 3 0
mindsteps/database/query/ai_progress_tracking.gen.go:185.102,186.21 1 0
mindsteps/database/query/ai_progress_tracking.gen.go:186.21,188.3 1 0
mindsteps/database/query/ai_progress_tracking.gen.go:190.2,191.29 2 0
mindsteps/database/query/ai_progress_tracking.gen.go:191.29,193.3 1 0
mindsteps/database/query/ai_progress_tracking.gen.go:194.2,195.11 2 0
mindsteps/database/query/ai_progress_tracking.gen.go:198.108,201.2 2 0
mindsteps/database/query/ai_progress_tracking.gen.go:203.106,206.2 2 0
mindsteps/database/query/ai_progress_tracking.gen.go:208.112,210.2 1 0
mindsteps/database/query/ai_progress_tracking.gen.go:212.86,215.2 2 0
mindsteps/database/query/ai_progress_tracking.gen.go:219.84,221.2 1 0
mindsteps/database/query/ai_progress_tracking.gen.go:223.87,225.27 2 0
mindsteps/database/query/ai_progress_tracking.gen.go:225.27,227.3 1 0
mindsteps/database/query/ai_progress_tracking.gen.go:228.2,228.37 1 0
mindsteps/database/query/ai_progress_tracking.gen.go:231.88,233.27 2 0
mindsteps/database/query/ai_progress_tracking.gen.go:233.27,235.3 1 0
mindsteps/database/query/ai_progress_tracking.gen.go:236.2,236.38 1 0
mindsteps/database/query/ai_progress_tracking.gen.go:239.87,241.27 2 0
mindsteps/database/query/ai_progress_tracking.gen.go:241.27,243.3 1 0
mindsteps/database/query/ai_progress_tracking.gen.go:244.2,244.37 1 0
mindsteps/database/query/ai_progress_tracking.gen.go:247.58,249.2 1 0
mindsteps/database/query/ai_progress_tracking.gen.go:251.58,253.2 1 0
mindsteps/database/query/ai_progress_tracking.gen.go:255.90,258.2 2 0
mindsteps/database/query/ai_progress_tracking.gen.go:262.61,264.2 1 0
mindsteps/database/query/ai_progress_tracking.gen.go:266.86,268.2 1 0
mindsteps/database/query/ai_progress_tracking.gen.go:270.62,272.2 1 0
mindsteps/database/query/ai_progress_tracking.gen.go:274.63,276.2 1 0
mindsteps/database/query/ai_progress_tracking.gen.go:278.83,280.2 1 0
mindsteps/database/query/ai_progress_tracking.gen.go:282.89,284.2 1 0
mindsteps/database/query/ai_progress_tracking.gen.go:286.101,288.2 1 0
mindsteps/database/query/ai_progress_tracking.gen.go:290.81,292.2 1 0
mindsteps/database/query/ai_progress_tracking.gen.go:294.80,296.2 1 0
mindsteps/database/query/ai_progress_tracking.gen.go:298.81,300.2 1 0
mindsteps/database/query/ai_progress_tracking.gen.go:302.83,304.2 1 0
mindsteps/database/query/ai_progress_tracking.gen.go:306.80,308.2 1 0
mindsteps/database/query/ai_progress_tracking.gen.go:310.82,312.2 1 0
mindsteps/database/query/ai_progress_tracking.gen.go:314.78,316.2 1 0
mindsteps/database/query/ai_progress_tracking.gen.go:318.97,320.2 1 0
mindsteps/database/query/ai_progress_tracking.gen.go:322.101,324.2 1 0
mindsteps/database/query/ai_progress_tracking.gen.go:326.102,328.2 1 0
mindsteps/database/query/ai_progress_tracking.gen.go:330.79,332.2 1 0
mindsteps/database/query/ai_progress_tracking.gen.go:334.84,336.2 1 0
mindsteps/database/query/ai_progress_tracking.gen.go:338.70,340.2 1 0
mindsteps/database/query/ai_progress_tracking.gen.go:342.72,344.2 1 0
mindsteps/database/query/ai_progress_tracking.gen.go:346.92,348.2 1 0
mindsteps/database/query/ai_progress_tracking.gen.go:350.64,352.2 1 0
mindsteps/database/query/ai_progress_tracking.gen.go:354.81,355.22 1 0
mindsteps/database/query/ai_progress_tracking.gen.go:355.22,357.3 1 0
mindsteps/database/query/ai_progress_tracking.gen.go:358.2,358.28 1 0
mindsteps/database/query/ai_progress_tracking.gen.go:361.104,363.2 1 0
mindsteps/database/query/ai_progress_tracking.gen.go:367.79,368.22 1 0
mindsteps/database/query/ai_progress_tracking.gen.go:368.22,370.3 1 0
mindsteps/database/query/ai_progress_tracking.gen.go:371.2,371.26 1 0
mindsteps/database/query/ai_progress_tracking.gen.go:374.74,375.45 1 0
mindsteps/database/query/ai_progress_tracking.gen.go:375.45,377.3 1 0
mindsteps/database/query/ai_progress_tracking.gen.go:377.8,379.3 1 0
mindsteps/database/query/ai_progress_tracking.gen.go:382.73,383.44 1 0
mindsteps/database/query/ai_progress_tracking.gen.go:383.44,385.3 1 0
mindsteps/database/query/ai_progress_tracking.gen.go:385.8,387.3 1 0
mindsteps/database/query/ai_progress_tracking.gen.go:390.73,391.44 1 0
mindsteps/database/query/ai_progress_tracking.gen.go:391.44,393.3 1 0
mindsteps/database/query/ai_progress_tracking.gen.go:393.8,395.3 1 0
mindsteps/database/query/ai_progress_tracking.gen.go:398.75,401.2 2 0
mindsteps/database/query/ai_progress_tracking.gen.go:403.145,405.78 2 0
mindsteps/database/query/ai_progress_tracking.gen.go:405.78,406.16 1 0
mindsteps/database/query/ai_progress_tracking.gen.go:406.16,406.53 1 0
mindsteps/database/query/ai_progress_tracking.gen.go:407.3,407.23 1 0
mindsteps/database/query/ai_progress_tracking.gen.go:409.2,409.21 1 0
mindsteps/database/query/ai_progress_tracking.gen.go:412.141,414.2 1 0
mindsteps/database/query/ai_progress_tracking.gen.go:416.86,418.2 1 0
mindsteps/database/query/ai_progress_tracking.gen.go:420.87,422.2 1 0
mindsteps/database/query/ai_progress_tracking.gen.go:424.90,425.28 1 0
mindsteps/database/query/ai_progress_tracking.gen.go:425.28,427.3 1 0
mindsteps/database/query/ai_progress_tracking.gen.go:428.2,428.11 1 0
mindsteps/database/query/ai_progress_tracking.gen.go:431.92,432.28 1 0
mindsteps/database/query/ai_progress_tracking.gen.go:432.28,434.3 1 0
mindsteps/database/query/ai_progress_tracking.gen.go:435.2,435.11 1 0
mindsteps/database/query/ai_progress_tracking.gen.go:438.80,439.51 1 0
mindsteps/database/query/ai_progress_tracking.gen.go:439.51,441.3 1 0
mindsteps/database/query/ai_progress_tracking.gen.go:441.8,443.3 1 0
mindsteps/database/query/ai_progress_tracking.gen.go:446.82,447.53 1 0
mindsteps/database/query/ai_progress_tracking.gen.go:447.53,449.3 1 0
mindsteps/database/query/ai_progress_tracking.gen.go:449.8,451.3 1 0
mindsteps/database/query/ai_progress_tracking.gen.go:454.126,456.16 2 0
mindsteps/database/query/ai_progress_tracking.gen.go:456.16,458.3 1 0
mindsteps/database/query/ai_progress_tracking.gen.go:460.2,460.64 1 0
mindsteps/database/query/ai_progress_tracking.gen.go:460.64,463.3 2 0
mindsteps/database/query/ai_progress_tracking.gen.go:465.2,466.8 2 0
mindsteps/database/query/ai_progress_tracking.gen.go:469.110,471.16 2 0
mindsteps/database/query/ai_progress_tracking.gen.go:471.16,473.3 1 0
mindsteps/database/query/ai_progress_tracking.gen.go:475.2,476.8 2 0
mindsteps/database/query/ai_progress_tracking.gen.go:479.68,481.2 1 0
mindsteps/database/query/ai_progress_tracking.gen.go:483.110,485.2 1 0
mindsteps/database/query/ai_progress_tracking.gen.go:487.73,490.2 2 0
mindsteps/database/query/ai_scoring_criteria.gen.go:22.80,41.2 14 0
mindsteps/database/query/ai_scoring_criteria.gen.go:58.74,61.2 2 0
mindsteps/database/query/ai_scoring_criteria.gen.go:63.64,66.2 2 0
mindsteps/database/query/ai_scoring_criteria.gen.go:68.78,81.2 10 0
mindsteps/database/query/ai_scoring_criteria.gen.go:83.83,85.2 1 0
mindsteps/database/query/ai_scoring_criteria.gen.go:87.47,87.91 1 0
mindsteps/database/query/ai_scoring_criteria.gen.go:89.43,89.83 1 0
mindsteps/database/query/ai_scoring_criteria.gen.go:91.68,93.2 1 0
mindsteps/database/query/ai_scoring_criteria.gen.go:95.86,97.22 2 0
mindsteps/database/query/ai_scoring_criteria.gen.go:97.22,99.3 1 0
mindsteps/database/query/ai_scoring_criteria.gen.go:100.2,101.16 2 0
mindsteps/database/query/ai_scoring_criteria.gen.go:104.44,113.2 8 0
mindsteps/database/query/ai_scoring_criteria.gen.go:115.65,118.2 2 0
mindsteps/database/query/ai_scoring_criteria.gen.go:120.69,123.2 2 0
mindsteps/database/query/ai_scoring_criteria.gen.go:127.59,129.2 1 0
mindsteps/database/query/ai_scoring_criteria.gen.go:131.84,133.2 1 0
mindsteps/database/query/ai_scoring_criteria.gen.go:135.60,137.2 1 0
mindsteps/database/query/ai_scoring_criteria.gen.go:139.61,141.2 1 0
mindsteps/database/query/ai_scoring_criteria.gen.go:143.81,145.2 1 0
mindsteps/database/query/ai_scoring_criteria.gen.go:147.87,149.2 1 0
mindsteps/database/query/ai_scoring_criteria.gen.go:151.99,153.2 1 0
mindsteps/database/query/ai_scoring_criteria.gen.go:155.79,157.2 1 0
mindsteps/database/query/ai_scoring_criteria.gen.go:159.78,161.2 1 0
mindsteps/database/query/ai_scoring_criteria.gen.go:163.79,165.2 1 0
mindsteps/database/query/ai_scoring_criteria.gen.go:167.81,169.2 1 0
mindsteps/database/query/ai_scoring_criteria.gen.go:171.78,173.2 1 0
mindsteps/database/query/ai_scoring_criteria.gen.go:175.80,177.2 1 0
mindsteps/database/query/ai_scoring_criteria.gen.go:179.76,181.2 1 0
mindsteps/database/query/ai_scoring_criteria.gen.go:183.95,185.2 1 0
mindsteps/database/query/ai_scoring_criteria.gen.go:187.99,189.2 1 0
mindsteps/database/query/ai_scoring_criteria.gen.go:191.100,193.2 1 0
mindsteps/database/query/ai_scoring_criteria.gen.go:195.77,197.2 1 0
mindsteps/database/query/ai_scoring_criteria.gen.go:199.82,201.2 1 0
mindsteps/database/query/ai_scoring_criteria.gen.go:203.68,205.2 1 0
mindsteps/database/query/ai_scoring_criteria.gen.go:207.70,209.2 1 0
mindsteps/database/query/ai_scoring_criteria.gen.go:211.90,213.2 1 0
mindsteps/database/query/ai_scoring_criteria.gen.go:215.62,217.2 1 0
mindsteps/database/query/ai_scoring_criteria.gen.go:219.79,220.22 1 0
mindsteps/database/query/ai_scoring_criteria.gen.go:220.22,222.3 1 0
mindsteps/database/query/ai_scoring_criteria.gen.go:223.2,223.28 1 0
mindsteps/database/query/ai_scoring_criteria.gen.go:226.102,228.2 1 0
mindsteps/database/query/ai_scoring_criteria.gen.go:232.77,233.22 1 0
mindsteps/database/query/ai_scoring_criteria.gen.go:233.22,235.3 1 0
mindsteps/database/query/ai_scoring_criteria.gen.go:236.2,236.26 1 0
mindsteps/database/query/ai_scoring_criteria.gen.go:239.72,240.45 1 0
mindsteps/database/query/ai_scoring_criteria.gen.go:240.45,242.3 1 0
mindsteps/database/query/ai_scoring_criteria.gen.go:242.8,244.3 1 0
mindsteps/database/query/ai_scoring_criteria.gen.go:247.71,248.44 1 0
mindsteps/database/query/ai_scoring_criteria.gen.go:248.44,250.3 1 0
mindsteps/database/query/ai_scoring_criteria.gen.go:250.8,252.3 1 0
mindsteps/database/query/ai_scoring_criteria.gen.go:255.71,256.44 1 0
mindsteps/database/query/ai_scoring_criteria.gen.go:256.44,258.3 1 0
mindsteps/database/query/ai_scoring_criteria.gen.go:258.8,260.3 1 0
mindsteps/database/query/ai_scoring_criteria.gen.go:263.73,266.2 2 0
mindsteps/database/query/ai_scoring_criteria.gen.go:268.143,270.78 2 0
mindsteps/database/query/ai_scoring_criteria.gen.go:270.78,271.16 1 0
mindsteps/database/query/ai_scoring_criteria.gen.go:271.16,271.53 1 0
mindsteps/database/query/ai_scoring_criteria.gen.go:272.3,272.23 1 0
mindsteps/database/query/ai_scoring_criteria.gen.go:274.2,274.21 1 0
mindsteps/database/query/ai_scoring_criteria.gen.go:277.139,279.2 1 0
mindsteps/database/query/ai_scoring_criteria.gen.go:281.84,283.2 1 0
mindsteps/database/query/ai_scoring_criteria.gen.go:285.85,287.2 1 0
mindsteps/database/query/ai_scoring_criteria.gen.go:289.88,290.28 1 0
mindsteps/database/query/ai_scoring_criteria.gen.go:290.28,292.3 1 0
mindsteps/database/query/ai_scoring_criteria.gen.go:293.2,293.11 1 0
mindsteps/database/query/ai_scoring_criteria.gen.go:296.90,297.28 1 0
mindsteps/database/query/ai_scoring_criteria.gen.go:297.28,299.3 1 0
mindsteps/database/query/ai_scoring_criteria.gen.go:300.2,300.11 1 0
mindsteps/database/query/ai_scoring_criteria.gen.go:303.78,304.51 1 0
mindsteps/database/query/ai_scoring_criteria.gen.go:304.51,306.3 1 0
mindsteps/database/query/ai_scoring_criteria.gen.go:306.8,308.3 1 0
mindsteps/database/query/ai_scoring_criteria.gen.go:311.80,312.53 1 0
mindsteps/database/query/ai_scoring_criteria.gen.go:312.53,314.3 1 0
mindsteps/database/query/ai_scoring_criteria.gen.go:314.8,316.3 1 0
mindsteps/database/query/ai_scoring_criteria.gen.go:319.124,321.16 2 0
mindsteps/database/query/ai_scoring_criteria.gen.go:321.16,323.3 1 0
mindsteps/database/query/ai_scoring_criteria.gen.go:325.2,325.64 1 0
mindsteps/database/query/ai_scoring_criteria.gen.go:325.64,328.3 2 0
mindsteps/database/query/ai_scoring_criteria.gen.go:330.2,331.8 2 0
mindsteps/database/query/ai_scoring_criteria.gen.go:334.109,336.16 2 0
mindsteps/database/query/ai_scoring_criteria.gen.go:336.16,338.3 1 0
mindsteps/database/query/ai_scoring_criteria.gen.go:340.2,341.8 2 0
mindsteps/database/query/ai_scoring_criteria.gen.go:344.67,346.2 1 0
mindsteps/database/query/ai_scoring_criteria.gen.go:348.108,350.2 1 0
mindsteps/database/query/ai_scoring_criteria.gen.go:352.71,355.2 2 0
mindsteps/database/query/auth_otp.gen.go:22.60,46.2 15 0
mindsteps/database/query/auth_otp.gen.go:64.54,67.2 2 0
mindsteps/database/query/auth_otp.gen.go:69.44,72.2 2 0
mindsteps/database/query/auth_otp.gen.go:74.58,87.2 10 0
mindsteps/database/query/auth_otp.gen.go:89.63,89.102 1 0
mindsteps/database/query/auth_otp.gen.go:91.37,91.71 1 0
mindsteps/database/query/auth_otp.gen.go:93.33,93.63 1 0
mindsteps/database/query/auth_otp.gen.go:95.58,95.97 1 0
mindsteps/database/query/auth_otp.gen.go:97.76,99.22 2 0
mindsteps/database/query/auth_otp.gen.go:99.22,101.3 1 0
mindsteps/database/query/auth_otp.gen.go:102.2,103.16 2 0
mindsteps/database/query/auth_otp.gen.go:106.34,116.2 8 0
mindsteps/database/query/auth_otp.gen.go:118.45,123.2 4 0
mindsteps/database/query/auth_otp.gen.go:125.49,129.2 3 0
mindsteps/database/query/auth_otp.gen.go:137.80,138.21 1 0
mindsteps/database/query/auth_otp.gen.go:138.21,140.3 1 0
mindsteps/database/query/auth_otp.gen.go:142.2,143.29 2 0
mindsteps/database/query/auth_otp.gen.go:143.29,145.3 1 0
mindsteps/database/query/auth_otp.gen.go:146.2,147.11 2 0
mindsteps/database/query/auth_otp.gen.go:150.86,153.2 2 0
mindsteps/database/query/auth_otp.gen.go:155.84,158.2 2 0
mindsteps/database/query/auth_otp.gen.go:160.79,162.2 1 0
mindsteps/database/query/auth_otp.gen.go:164.64,167.2 2 0
mindsteps/database/query/auth_otp.gen.go:171.73,173.2 1 0
mindsteps/database/query/auth_otp.gen.go:175.76,177.27 2 0
mindsteps/database/query/auth_otp.gen.go:177.27,179.3 1 0
mindsteps/database/query/auth_otp.gen.go:180.2,180.37 1 0
mindsteps/database/query/auth_otp.gen.go:183.77,185.27 2 0
mindsteps/database/query/auth_otp.gen.go:185.27,187.3 1 0
mindsteps/database/query/auth_otp.gen.go:188.2,188.38 1 0
mindsteps/database/query/auth_otp.gen.go:191.76,193.27 2 0
mindsteps/database/query/auth_otp.gen.go:193.27,195.3 1 0
mindsteps/database/query/auth_otp.gen.go:196.2,196.37 1 0
mindsteps/database/query/auth_otp.gen.go:199.47,201.2 1 0
mindsteps/database/query/auth_otp.gen.go:203.47,205.2 1 0
mindsteps/database/query/auth_otp.gen.go:207.68,210.2 2 0
mindsteps/database/query/auth_otp.gen.go:214.39,216.2 1 0
mindsteps/database/query/auth_otp.gen.go:218.64,220.2 1 0
mindsteps/database/query/auth_otp.gen.go:222.40,224.2 1 0
mindsteps/database/query/auth_otp.gen.go:226.41,228.2 1 0
mindsteps/database/query/auth_otp.gen.go:230.61,232.2 1 0
mindsteps/database/query/auth_otp.gen.go:234.67,236.2 1 0
mindsteps/database/query/auth_otp.gen.go:238.79,240.2 1 0
mindsteps/database/query/auth_otp.gen.go:242.59,244.2 1 0
mindsteps/database/query/auth_otp.gen.go:246.58,248.2 1 0
mindsteps/database/query/auth_otp.gen.go:250.59,252.2 1 0
mindsteps/database/query/auth_otp.gen.go:254.61,256.2 1 0
mindsteps/database/query/auth_otp.gen.go:258.58,260.2 1 0
mindsteps/database/query/auth_otp.gen.go:262.60,264.2 1 0
mindsteps/database/query/auth_otp.gen.go:266.56,268.2 1 0
mindsteps/database/query/auth_otp.gen.go:270.75,272.2 1 0
mindsteps/database/query/auth_otp.gen.go:274.79,276.2 1 0
mindsteps/database/query/auth_otp.gen.go:278.80,280.2 1 0
mindsteps/database/query/auth_otp.gen.go:282.57,284.2 1 0
mindsteps/database/query/auth_otp.gen.go:286.62,288.2 1 0
mindsteps/database/query/auth_otp.gen.go:290.48,292.2 1 0
mindsteps/database/query/auth_otp.gen.go:294.50,296.2 1 0
mindsteps/database/query/auth_otp.gen.go:298.70,300.2 1 0
mindsteps/database/query/auth_otp.gen.go:302.42,304.2 1 0
mindsteps/database/query/auth_otp.gen.go:306.59,307.22 1 0
mindsteps/database/query/auth_otp.gen.go:307.22,309.3 1 0
mindsteps/database/query/auth_otp.gen.go:310.2,310.28 1 0
mindsteps/database/query/auth_otp.gen.go:313.82,315.2 1 0
mindsteps/database/query/auth_otp.gen.go:319.57,320.22 1 0
mindsteps/database/query/auth_otp.gen.go:320.22,322.3 1 0
mindsteps/database/query/auth_otp.gen.go:323.2,323.26 1 0
mindsteps/database/query/auth_otp.gen.go:326.52,327.45 1 0
mindsteps/database/query/auth_otp.gen.go:327.45,329.3 1 0
mindsteps/database/query/auth_otp.gen.go:329.8,331.3 1 0
mindsteps/database/query/auth_otp.gen.go:334.51,335.44 1 0
mindsteps/database/query/auth_otp.gen.go:335.44,337.3 1 0
mindsteps/database/query/auth_otp.gen.go:337.8,339.3 1 0
mindsteps/database/query/auth_otp.gen.go:342.51,343.44 1 0
mindsteps/database/query/auth_otp.gen.go:343.44,345.3 1 0
mindsteps/database/query/auth_otp.gen.go:345.8,347.3 1 0
mindsteps/database/query/auth_otp.gen.go:350.53,353.2 2 0
mindsteps/database/query/auth_otp.gen.go:355.123,357.78 2 0
mindsteps/database/query/auth_otp.gen.go:357.78,358.16 1 0
mindsteps/database/query/auth_otp.gen.go:358.16,358.53 1 0
mindsteps/database/query/auth_otp.gen.go:359.3,359.23 1 0
mindsteps/database/query/auth_otp.gen.go:361.2,361.21 1 0
mindsteps/database/query/auth_otp.gen.go:364.119,366.2 1 0
mindsteps/database/query/auth_otp.gen.go:368.64,370.2 1 0
mindsteps/database/query/auth_otp.gen.go:372.65,374.2 1 0
mindsteps/database/query/auth_otp.gen.go:376.68,377.28 1 0
mindsteps/database/query/auth_otp.gen.go:377.28,379.3 1 0
mindsteps/database/query/auth_otp.gen.go:380.2,380.11 1 0
mindsteps/database/query/auth_otp.gen.go:383.70,384.28 1 0
mindsteps/database/query/auth_otp.gen.go:384.28,386.3 1 0
mindsteps/database/query/auth_otp.gen.go:387.2,387.11 1 0
mindsteps/database/query/auth_otp.gen.go:390.58,391.51 1 0
mindsteps/database/query/auth_otp.gen.go:391.51,393.3 1 0
mindsteps/database/query/auth_otp.gen.go:393.8,395.3 1 0
mindsteps/database/query/auth_otp.gen.go:398.60,399.53 1 0
mindsteps/database/query/auth_otp.gen.go:399.53,401.3 1 0
mindsteps/database/query/auth_otp.gen.go:401.8,403.3 1 0
mindsteps/database/query/auth_otp.gen.go:406.104,408.16 2 0
mindsteps/database/query/auth_otp.gen.go:408.16,410.3 1 0
mindsteps/database/query/auth_otp.gen.go:412.2,412.64 1 0
mindsteps/database/query/auth_otp.gen.go:412.64,415.3 2 0
mindsteps/database/query/auth_otp.gen.go:417.2,418.8 2 0
mindsteps/database/query/auth_otp.gen.go:421.99,423.16 2 0
mindsteps/database/query/auth_otp.gen.go:423.16,425.3 1 0
mindsteps/database/query/auth_otp.gen.go:427.2,428.8 2 0
mindsteps/database/query/auth_otp.gen.go:431.57,433.2 1 0
mindsteps/database/query/auth_otp.gen.go:435.88,437.2 1 0
mindsteps/database/query/auth_otp.gen.go:439.51,442.2 2 0
mindsteps/database/query/core_values.gen.go:22.66,48.2 17 0
mindsteps/database/query/core_values.gen.go:68.60,71.2 2 0
mindsteps/database/query/core_values.gen.go:73.50,76.2 2 0
mindsteps/database/query/core_values.gen.go:78.64,93.2 12 0
mindsteps/database/query/core_values.gen.go:95.69,97.2 1 0
mindsteps/database/query/core_values.gen.go:99.40,99.77 1 0
mindsteps/database/query/core_values.gen.go:101.36,101.69 1 0
mindsteps/database/query/core_values.gen.go:103.61,103.103 1 0
mindsteps/database/query/core_values.gen.go:105.79,107.22 2 0
mindsteps/database/query/core_values.gen.go:107.22,109.3 1 0
mindsteps/database/query/core_values.gen.go:110.2,111.16 2 0
mindsteps/database/query/core_values.gen.go:114.37,126.2 10 0
mindsteps/database/query/core_values.gen.go:128.51,133.2 4 0
mindsteps/database/query/core_values.gen.go:135.55,139.2 3 0
mindsteps/database/query/core_values.gen.go:147.86,148.21 1 0
mindsteps/database/query/core_values.gen.go:148.21,150.3 1 0
mindsteps/database/query/core_values.gen.go:152.2,153.29 2 0
mindsteps/database/query/core_values.gen.go:153.29,155.3 1 0
mindsteps/database/query/core_values.gen.go:156.2,157.11 2 0
mindsteps/database/query/core_values.gen.go:160.92,163.2 2 0
mindsteps/database/query/core_values.gen.go:165.90,168.2 2 0
mindsteps/database/query/core_values.gen.go:170.88,172.2 1 0
mindsteps/database/query/core_values.gen.go:174.70,177.2 2 0
mindsteps/database/query/core_values.gen.go:181.76,183.2 1 0
mindsteps/database/query/core_values.gen.go:185.79,187.27 2 0
mindsteps/database/query/core_values.gen.go:187.27,189.3 1 0
mindsteps/database/query/core_values.gen.go:190.2,190.37 1 0
mindsteps/database/query/core_values.gen.go:193.80,195.27 2 0
mindsteps/database/query/core_values.gen.go:195.27,197.3 1 0
mindsteps/database/query/core_values.gen.go:198.2,198.38 1 0
mindsteps/database/query/core_values.gen.go:201.79,203.27 2 0
mindsteps/database/query/core_values.gen.go:203.27,205.3 1 0
mindsteps/database/query/core_values.gen.go:206.2,206.37 1 0
mindsteps/database/query/core_values.gen.go:209.50,211.2 1 0
mindsteps/database/query/core_values.gen.go:213.50,215.2 1 0
mindsteps/database/query/core_values.gen.go:217.74,220.2 2 0
mindsteps/database/query/core_values.gen.go:224.45,226.2 1 0
mindsteps/database/query/core_values.gen.go:228.70,230.2 1 0
mindsteps/database/query/core_values.gen.go:232.46,234.2 1 0
mindsteps/database/query/core_values.gen.go:236.47,238.2 1 0
mindsteps/database/query/core_values.gen.go:240.67,242.2 1 0
mindsteps/database/query/core_values.gen.go:244.73,246.2 1 0
mindsteps/database/query/core_values.gen.go:248.85,250.2 1 0
mindsteps/database/query/core_values.gen.go:252.65,254.2 1 0
mindsteps/database/query/core_values.gen.go:256.64,258.2 1 0
mindsteps/database/query/core_values.gen.go:260.65,262.2 1 0
mindsteps/database/query/core_values.gen.go:264.67,266.2 1 0
mindsteps/database/query/core_values.gen.go:268.64,270.2 1 0
mindsteps/database/query/core_values.gen.go:272.66,274.2 1 0
mindsteps/database/query/core_values.gen.go:276.62,278.2 1 0
mindsteps/database/query/core_values.gen.go:280.81,282.2 1 0
mindsteps/database/query/core_values.gen.go:284.85,286.2 1 0
mindsteps/database/query/core_values.gen.go:288.86,290.2 1 0
mindsteps/database/query/core_values.gen.go:292.63,294.2 1 0
mindsteps/database/query/core_values.gen.go:296.68,298.2 1 0
mindsteps/database/query/core_values.gen.go:300.54,302.2 1 0
mindsteps/database/query/core_values.gen.go:304.56,306.2 1 0
mindsteps/database/query/core_values.gen.go:308.76,310.2 1 0
mindsteps/database/query/core_values.gen.go:312.48,314.2 1 0
mindsteps/database/query/core_values.gen.go:316.65,317.22 1 0
mindsteps/database/query/core_values.gen.go:317.22,319.3 1 0
mindsteps/database/query/core_values.gen.go:320.2,320.28 1 0
mindsteps/database/query/core_values.gen.go:323.88,325.2 1 0
mindsteps/database/query/core_values.gen.go:329.63,330.22 1 0
mindsteps/database/query/core_values.gen.go:330.22,332.3 1 0
mindsteps/database/query/core_values.gen.go:333.2,333.26 1 0
mindsteps/database/query/core_values.gen.go:336.58,337.45 1 0
mindsteps/database/query/core_values.gen.go:337.45,339.3 1 0
mindsteps/database/query/core_values.gen.go:339.8,341.3 1 0
mindsteps/database/query/core_values.gen.go:344.57,345.44 1 0
mindsteps/database/query/core_values.gen.go:345.44,347.3 1 0
mindsteps/database/query/core_values.gen.go:347.8,349.3 1 0
mindsteps/database/query/core_values.gen.go:352.57,353.44 1 0
mindsteps/database/query/core_values.gen.go:353.44,355.3 1 0
mindsteps/database/query/core_values.gen.go:355.8,357.3 1 0
mindsteps/database/query/core_values.gen.go:360.59,363.2 2 0
mindsteps/database/query/core_values.gen.go:365.129,367.78 2 0
mindsteps/database/query/core_values.gen.go:367.78,368.16 1 0
mindsteps/database/query/core_values.gen.go:368.16,368.53 1 0
mindsteps/database/query/core_values.gen.go:369.3,369.23 1 0
mindsteps/database/query/core_values.gen.go:371.2,371.21 1 0
mindsteps/database/query/core_values.gen.go:374.125,376.2 1 0
mindsteps/database/query/core_values.gen.go:378.70,380.2 1 0
mindsteps/database/query/core_values.gen.go:382.71,384.2 1 0
mindsteps/database/query/core_values.gen.go:386.74,387.28 1 0
mindsteps/database/query/core_values.gen.go:387.28,389.3 1 0
mindsteps/database/query/core_values.gen.go:390.2,390.11 1 0
mindsteps/database/query/core_values.gen.go:393.76,394.28 1 0
mindsteps/database/query/core_values.gen.go:394.28,396.3 1 0
mindsteps/database/query/core_values.gen.go:397.2,397.11 1 0
mindsteps/database/query/core_values.gen.go:400.64,401.51 1 0
mindsteps/database/query/core_values.gen.go:401.51,403.3 1 0
mindsteps/database/query/core_values.gen.go:403.8,405.3 1 0
mindsteps/database/query/core_values.gen.go:408.66,409.53 1 0
mindsteps/database/query/core_values.gen.go:409.53,411.3 1 0
mindsteps/database/query/core_values.gen.go:411.8,413.3 1 0
mindsteps/database/query/core_values.gen.go:416.110,418.16 2 0
mindsteps/database/query/core_values.gen.go:418.16,420.3 1 0
mindsteps/database/query/core_values.gen.go:422.2,422.64 1 0
mindsteps/database/query/core_values.gen.go:422.64,425.3 2 0
mindsteps/database/query/core_values.gen.go:427.2,428.8 2 0
mindsteps/database/query/core_values.gen.go:431.102,433.16 2 0
mindsteps/database/query/core_values.gen.go:433.16,435.3 1 0
mindsteps/database/query/core_values.gen.go:437.2,438.8 2 0
mindsteps/database/query/core_values.gen.go:441.60,443.2 1 0
mindsteps/database/query/core_values.gen.go:445.94,447.2 1 0
mindsteps/database/query/core_values.gen.go:449.57,452.2 2 0
mindsteps/database/query/gen.go:18.52,52.2 1 0
mindsteps/database/query/gen.go:89.34,89.56 1 0
mindsteps/database/query/gen.go:91.43,125.2 1 0
mindsteps/database/query/gen.go:127.33,129.2 1 0
mindsteps/database/query/gen.go:131.34,133.2 1 0
mindsteps/database/query/gen.go:135.47,169.2 1 0
mindsteps/database/query/gen.go:204.60,237.2 1 0
mindsteps/database/query/gen.go:239.85,240.50 1 0
mindsteps/database/query/gen.go:240.50,240.76 1 0
mindsteps/database/query/gen.go:243.56,246.2 2 0
mindsteps/database/query/gen.go:253.34,255.2 1 0
mindsteps/database/query/gen.go:257.36,259.2 1 0
mindsteps/database/query/gen.go:261.48,263.2 1 0
mindsteps/database/query/gen.go:265.49,267.2 1 0
mindsteps/database/query/goal_milestones.gen.go:22.74,65.2 16 0
mindsteps/database/query/goal_milestones.gen.go:84.68,87.2 2 0
mindsteps/database/query/goal_milestones.gen.go:89.58,92.2 2 0
mindsteps/database/query/goal_milestones.gen.go:94.72,108.2 11 0
mindsteps/database/query/goal_milestones.gen.go:110.77,112.2 1 0
mindsteps/database/query/goal_milestones.gen.go:114.44,114.85 1 0
mindsteps/database/query/goal_milestones.gen.go:116.40,116.77 1 0
mindsteps/database/query/goal_milestones.gen.go:118.65,120.2 1 0
mindsteps/database/query/goal_milestones.gen.go:122.83,124.22 2 0
mindsteps/database/query/goal_milestones.gen.go:124.22,126.3 1 0
mindsteps/database/query/goal_milestones.gen.go:127.2,128.16 2 0
mindsteps/database/query/goal_milestones.gen.go:131.41,142.2 9 0
mindsteps/database/query/goal_milestones.gen.go:144.59,149.2 4 0
mindsteps/database/query/goal_milestones.gen.go:151.63,155.2 3 0
mindsteps/database/query/goal_milestones.gen.go:173.94,174.21 1 0
mindsteps/database/query/goal_milestones.gen.go:174.21,176.3 1 0
mindsteps/database/query/goal_milestones.gen.go:178.2,179.29 2 0
mindsteps/database/query/goal_milestones.gen.go:179.29,181.3 1 0
mindsteps/database/query/goal_milestones.gen.go:182.2,183.11 2 0
mindsteps/database/query/goal_milestones.gen.go:186.100,189.2 2 0
mindsteps/database/query/goal_milestones.gen.go:191.98,194.2 2 0
mindsteps/database/query/goal_milestones.gen.go:196.100,198.2 1 0
mindsteps/database/query/goal_milestones.gen.go:200.78,203.2 2 0
mindsteps/database/query/goal_milestones.gen.go:207.80,209.2 1 0
mindsteps/database/query/goal_milestones.gen.go:211.83,213.27 2 0
mindsteps/database/query/goal_milestones.gen.go:213.27,215.3 1 0
mindsteps/database/query/goal_milestones.gen.go:216.2,216.37 1 0
mindsteps/database/query/goal_milestones.gen.go:219.84,221.27 2 0
mindsteps/database/query/goal_milestones.gen.go:221.27,223.3 1 0
mindsteps/database/query/goal_milestones.gen.go:224.2,224.38 1 0
mindsteps/database/query/goal_milestones.gen.go:227.83,229.27 2 0
mindsteps/database/query/goal_milestones.gen.go:229.27,231.3 1 0
mindsteps/database/query/goal_milestones.gen.go:232.2,232.37 1 0
mindsteps/database/query/goal_milestones.gen.go:235.54,237.2 1 0
mindsteps/database/query/goal_milestones.gen.go:239.54,241.2 1 0
mindsteps/database/query/goal_milestones.gen.go:243.82,246.2 2 0
mindsteps/database/query/goal_milestones.gen.go:250.53,252.2 1 0
mindsteps/database/query/goal_milestones.gen.go:254.78,256.2 1 0
mindsteps/database/query/goal_milestones.gen.go:258.54,260.2 1 0
mindsteps/database/query/goal_milestones.gen.go:262.55,264.2 1 0
mindsteps/database/query/goal_milestones.gen.go:266.75,268.2 1 0
mindsteps/database/query/goal_milestones.gen.go:270.81,272.2 1 0
mindsteps/database/query/goal_milestones.gen.go:274.93,276.2 1 0
mindsteps/database/query/goal_milestones.gen.go:278.73,280.2 1 0
mindsteps/database/query/goal_milestones.gen.go:282.72,284.2 1 0
mindsteps/database/query/goal_milestones.gen.go:286.73,288.2 1 0
mindsteps/database/query/goal_milestones.gen.go:290.75,292.2 1 0
mindsteps/database/query/goal_milestones.gen.go:294.72,296.2 1 0
mindsteps/database/query/goal_milestones.gen.go:298.74,300.2 1 0
mindsteps/database/query/goal_milestones.gen.go:302.70,304.2 1 0
mindsteps/database/query/goal_milestones.gen.go:306.89,308.2 1 0
mindsteps/database/query/goal_milestones.gen.go:310.93,312.2 1 0
mindsteps/database/query/goal_milestones.gen.go:314.94,316.2 1 0
mindsteps/database/query/goal_milestones.gen.go:318.71,320.2 1 0
mindsteps/database/query/goal_milestones.gen.go:322.76,324.2 1 0
mindsteps/database/query/goal_milestones.gen.go:326.62,328.2 1 0
mindsteps/database/query/goal_milestones.gen.go:330.64,332.2 1 0
mindsteps/database/query/goal_milestones.gen.go:334.84,336.2 1 0
mindsteps/database/query/goal_milestones.gen.go:338.56,340.2 1 0
mindsteps/database/query/goal_milestones.gen.go:342.73,343.22 1 0
mindsteps/database/query/goal_milestones.gen.go:343.22,345.3 1 0
mindsteps/database/query/goal_milestones.gen.go:346.2,346.28 1 0
mindsteps/database/query/goal_milestones.gen.go:349.96,351.2 1 0
mindsteps/database/query/goal_milestones.gen.go:355.71,356.22 1 0
mindsteps/database/query/goal_milestones.gen.go:356.22,358.3 1 0
mindsteps/database/query/goal_milestones.gen.go:359.2,359.26 1 0
mindsteps/database/query/goal_milestones.gen.go:362.66,363.45 1 0
mindsteps/database/query/goal_milestones.gen.go:363.45,365.3 1 0
mindsteps/database/query/goal_milestones.gen.go:365.8,367.3 1 0
mindsteps/database/query/goal_milestones.gen.go:370.65,371.44 1 0
mindsteps/database/query/goal_milestones.gen.go:371.44,373.3 1 0
mindsteps/database/query/goal_milestones.gen.go:373.8,375.3 1 0
mindsteps/database/query/goal_milestones.gen.go:378.65,379.44 1 0
mindsteps/database/query/goal_milestones.gen.go:379.44,381.3 1 0
mindsteps/database/query/goal_milestones.gen.go:381.8,383.3 1 0
mindsteps/database/query/goal_milestones.gen.go:386.67,389.2 2 0
mindsteps/database/query/goal_milestones.gen.go:391.137,393.78 2 0
mindsteps/database/query/goal_milestones.gen.go:393.78,394.16 1 0
mindsteps/database/query/goal_milestones.gen.go:394.16,394.53 1 0
mindsteps/database/query/goal_milestones.gen.go:395.3,395.23 1 0
mindsteps/database/query/goal_milestones.gen.go:397.2,397.21 1 0
mindsteps/database/query/goal_milestones.gen.go:400.133,402.2 1 0
mindsteps/database/query/goal_milestones.gen.go:404.78,406.2 1 0
mindsteps/database/query/goal_milestones.gen.go:408.79,410.2 1 0
mindsteps/database/query/goal_milestones.gen.go:412.82,413.28 1 0
mindsteps/database/query/goal_milestones.gen.go:413.28,415.3 1 0
mindsteps/database/query/goal_milestones.gen.go:416.2,416.11 1 0
mindsteps/database/query/goal_milestones.gen.go:419.84,420.28 1 0
mindsteps/database/query/goal_milestones.gen.go:420.28,422.3 1 0
mindsteps/database/query/goal_milestones.gen.go:423.2,423.11 1 0
mindsteps/database/query/goal_milestones.gen.go:426.72,427.51 1 0
mindsteps/database/query/goal_milestones.gen.go:427.51,429.3 1 0
mindsteps/database/query/goal_milestones.gen.go:429.8,431.3 1 0
mindsteps/database/query/goal_milestones.gen.go:434.74,435.53 1 0
mindsteps/database/query/goal_milestones.gen.go:435.53,437.3 1 0
mindsteps/database/query/goal_milestones.gen.go:437.8,439.3 1 0
mindsteps/database/query/goal_milestones.gen.go:442.118,444.16 2 0
mindsteps/database/query/goal_milestones.gen.go:444.16,446.3 1 0
mindsteps/database/query/goal_milestones.gen.go:448.2,448.64 1 0
mindsteps/database/query/goal_milestones.gen.go:448.64,451.3 2 0
mindsteps/database/query/goal_milestones.gen.go:453.2,454.8 2 0
mindsteps/database/query/goal_milestones.gen.go:457.106,459.16 2 0
mindsteps/database/query/goal_milestones.gen.go:459.16,461.3 1 0
mindsteps/database/query/goal_milestones.gen.go:463.2,464.8 2 0
mindsteps/database/query/goal_milestones.gen.go:467.64,469.2 1 0
mindsteps/database/query/goal_milestones.gen.go:471.102,473.2 1 0
mindsteps/database/query/goal_milestones.gen.go:475.65,478.2 2 0
mindsteps/database/query/goals.gen.go:22.56,63.2 22 0
mindsteps/database/query/goals.gen.go:89.50,92.2 2 0
mindsteps/database/query/goals.gen.go:94.40,97.2 2 0
mindsteps/database/query/goals.gen.go:99.54,118.2 16 0
mindsteps/database/query/goals.gen.go:120.59,120.96 1 0
mindsteps/database/query/goals.gen.go:122.35,122.67 1 0
mindsteps/database/query/goals.gen.go:124.31,124.59 1 0
mindsteps/database/query/goals.gen.go:126.56,126.93 1 0
mindsteps/database/query/goals.gen.go:128.74,130.22 2 0
mindsteps/database/query/goals.gen.go:130.22,132.3 1 0
mindsteps/database/query/goals.gen.go:133.2,134.16 2 0
mindsteps/database/query/goals.gen.go:137.32,153.2 14 0
mindsteps/database/query/goals.gen.go:155.41,162.2 6 0
mindsteps/database/query/goals.gen.go:164.45,169.2 4 0
[...]
mindsteps/database/query/user_streaks.gen.go:397.51,399.3 1 0
mindsteps/database/query/user_streaks.gen.go:399.8,401.3 1 0
mindsteps/database/query/user_streaks.gen.go:404.68,405.53 1 0
mindsteps/database/query/user_streaks.gen.go:405.53,407.3 1 0
mindsteps/database/query/user_streaks.gen.go:407.8,409.3 1 0
mindsteps/database/query/user_streaks.gen.go:412.112,414.16 2 0
mindsteps/database/query/user_streaks.gen.go:414.16,416.3 1 0
mindsteps/database/query/user_streaks.gen.go:418.2,418.64 1 0
mindsteps/database/query/user_streaks.gen.go:418.64,421.3 2 0
mindsteps/database/query/user_streaks.gen.go:423.2,424.8 2 0
mindsteps/database/query/user_streaks.gen.go:427.103,429.16 2 0
mindsteps/database/query/user_streaks.gen.go:429.16,431.3 1 0
mindsteps/database/query/user_streaks.gen.go:433.2,434.8 2 0
mindsteps/database/query/user_streaks.gen.go:437.61,439.2 1 0
mindsteps/database/query/user_streaks.gen.go:441.96,443.2 1 0
mindsteps/database/query/user_streaks.gen.go:445.59,448.2 2 0
mindsteps/database/query/users.gen.go:22.56,47.2 20 0
mindsteps/database/query/users.gen.go:70.50,73.2 2 0
mindsteps/database/query/users.gen.go:75.40,78.2 2 0
mindsteps/database/query/users.gen.go:80.54,99.2 16 0
mindsteps/database/query/users.gen.go:101.59,101.96 1 0
mindsteps/database/query/users.gen.go:103.35,103.67 1 0
mindsteps/database/query/users.gen.go:105.31,105.59 1 0
mindsteps/database/query/users.gen.go:107.56,107.93 1 0
mindsteps/database/query/users.gen.go:109.74,111.22 2 0
mindsteps/database/query/users.gen.go:111.22,113.3 1 0
mindsteps/database/query/users.gen.go:114.2,115.16 2 0
mindsteps/database/query/users.gen.go:118.32,133.2 14 0
mindsteps/database/query/users.gen.go:135.41,138.2 2 0
mindsteps/database/query/users.gen.go:140.45,143.2 2 0
mindsteps/database/query/users.gen.go:147.35,149.2 1 0
mindsteps/database/query/users.gen.go:151.60,153.2 1 0
mindsteps/database/query/users.gen.go:155.36,157.2 1 0
mindsteps/database/query/users.gen.go:159.37,161.2 1 0
mindsteps/database/query/users.gen.go:163.57,165.2 1 0
mindsteps/database/query/users.gen.go:167.63,169.2 1 0
mindsteps/database/query/users.gen.go:171.75,173.2 1 0
mindsteps/database/query/users.gen.go:175.55,177.2 1 0
mindsteps/database/query/users.gen.go:179.54,181.2 1 0
mindsteps/database/query/users.gen.go:183.55,185.2 1 0
mindsteps/database/query/users.gen.go:187.57,189.2 1 0
mindsteps/database/query/users.gen.go:191.54,193.2 1 0
mindsteps/database/query/users.gen.go:195.56,197.2 1 0
mindsteps/database/query/users.gen.go:199.52,201.2 1 0
mindsteps/database/query/users.gen.go:203.71,205.2 1 0
mindsteps/database/query/users.gen.go:207.75,209.2 1 0
mindsteps/database/query/users.gen.go:211.76,213.2 1 0
mindsteps/database/query/users.gen.go:215.53,217.2 1 0
mindsteps/database/query/users.gen.go:219.58,221.2 1 0
mindsteps/database/query/users.gen.go:223.44,225.2 1 0
mindsteps/database/query/users.gen.go:227.46,229.2 1 0
mindsteps/database/query/users.gen.go:231.66,233.2 1 0
mindsteps/database/query/users.gen.go:235.38,237.2 1 0
mindsteps/database/query/users.gen.go:239.55,240.22 1 0
mindsteps/database/query/users.gen.go:240.22,242.3 1 0
mindsteps/database/query/users.gen.go:243.2,243.28 1 0
mindsteps/database/query/users.gen.go:246.78,248.2 1 0
mindsteps/database/query/users.gen.go:252.53,253.22 1 0
mindsteps/database/query/users.gen.go:253.22,255.3 1 0
mindsteps/database/query/users.gen.go:256.2,256.26 1 0
mindsteps/database/query/users.gen.go:259.48,260.45 1 0
mindsteps/database/query/users.gen.go:260.45,262.3 1 0
mindsteps/database/query/users.gen.go:262.8,264.3 1 0
mindsteps/database/query/users.gen.go:267.47,268.44 1 0
mindsteps/database/query/users.gen.go:268.44,270.3 1 0
mindsteps/database/query/users.gen.go:270.8,272.3 1 0
mindsteps/database/query/users.gen.go:275.47,276.44 1 0
mindsteps/database/query/users.gen.go:276.44,278.3 1 0
mindsteps/database/query/users.gen.go:278.8,280.3 1 0
mindsteps/database/query/users.gen.go:283.49,286.2 2 0
mindsteps/database/query/users.gen.go:288.119,290.78 2 0
mindsteps/database/query/users.gen.go:290.78,291.16 1 0
mindsteps/database/query/users.gen.go:291.16,291.53 1 0
mindsteps/database/query/users.gen.go:292.3,292.23 1 0
mindsteps/database/query/users.gen.go:294.2,294.21 1 0
mindsteps/database/query/users.gen.go:297.115,299.2 1 0
mindsteps/database/query/users.gen.go:301.60,303.2 1 0
mindsteps/database/query/users.gen.go:305.61,307.2 1 0
mindsteps/database/query/users.gen.go:309.64,310.28 1 0
mindsteps/database/query/users.gen.go:310.28,312.3 1 0
mindsteps/database/query/users.gen.go:313.2,313.11 1 0
mindsteps/database/query/users.gen.go:316.66,317.28 1 0
mindsteps/database/query/users.gen.go:317.28,319.3 1 0
mindsteps/database/query/users.gen.go:320.2,320.11 1 0
mindsteps/database/query/users.gen.go:323.54,324.51 1 0
mindsteps/database/query/users.gen.go:324.51,326.3 1 0
mindsteps/database/query/users.gen.go:326.8,328.3 1 0
mindsteps/database/query/users.gen.go:331.56,332.53 1 0
mindsteps/database/query/users.gen.go:332.53,334.3 1 0
mindsteps/database/query/users.gen.go:334.8,336.3 1 0
mindsteps/database/query/users.gen.go:339.100,341.16 2 0
mindsteps/database/query/users.gen.go:341.16,343.3 1 0
mindsteps/database/query/users.gen.go:345.2,345.64 1 0
mindsteps/database/query/users.gen.go:345.64,348.3 2 0
mindsteps/database/query/users.gen.go:350.2,351.8 2 0
mindsteps/database/query/users.gen.go:354.97,356.16 2 0
mindsteps/database/query/users.gen.go:356.16,358.3 1 0
mindsteps/database/query/users.gen.go:360.2,361.8 2 0
mindsteps/database/query/users.gen.go:364.55,366.2 1 0
mindsteps/database/query/users.gen.go:368.84,370.2 1 0
mindsteps/database/query/users.gen.go:372.47,375.2 2 0
mindsteps/internal/auth/services/auth.go:19.66,21.2 1 0
mindsteps/internal/auth/services/auth.go:23.76,24.35 1 0
mindsteps/internal/auth/services/auth.go:24.35,26.3 1 0
mindsteps/internal/auth/services/auth.go:27.2,27.56 1 0
mindsteps/internal/auth/services/auth.go:27.56,29.3 1 0
mindsteps/internal/auth/services/auth.go:32.2,33.16 2 0
mindsteps/internal/auth/services/auth.go:33.16,35.3 1 0
mindsteps/internal/auth/services/auth.go:37.2,43.44 2 0
mindsteps/internal/auth/services/auth.go:43.44,45.3 1 0
mindsteps/internal/auth/services/auth.go:47.2,47.18 1 0
mindsteps/internal/auth/services/auth.go:50.64,52.16 2 0
mindsteps/internal/auth/services/auth.go:52.16,54.3 1 0
mindsteps/internal/auth/services/auth.go:56.2,56.97 1 0
mindsteps/internal/auth/services/auth.go:56.97,58.3 1 0
mindsteps/internal/auth/services/auth.go:60.2,66.16 4 0
mindsteps/internal/auth/services/auth.go:66.16,68.3 1 0
mindsteps/internal/auth/services/auth.go:70.2,70.22 1 0
mindsteps/internal/shared/converter.go:14.36,16.2 1 0
mindsteps/internal/shared/converter.go:18.34,20.2 1 0
mindsteps/internal/shared/converter.go:23.34,25.16 2 0
mindsteps/internal/shared/converter.go:25.16,27.3 1 0
mindsteps/internal/shared/converter.go:28.2,28.12 1 0
mindsteps/internal/shared/converter.go:31.36,33.2 1 0
mindsteps/internal/shared/converter.go:36.43,40.16 4 0
mindsteps/internal/shared/converter.go:40.16,42.3 1 0
mindsteps/internal/shared/converter.go:43.2,43.10 1 0
mindsteps/internal/shared/converter.go:47.43,49.2 1 0
mindsteps/internal/shared/converter.go:52.47,54.2 1 0
mindsteps/internal/shared/converter.go:57.43,59.2 1 0
mindsteps/internal/shared/converter.go:62.60,64.16 2 0
mindsteps/internal/shared/converter.go:64.16,66.3 1 0
mindsteps/internal/shared/converter.go:67.2,68.12 2 0
mindsteps/internal/shared/converter.go:71.53,72.25 1 0
mindsteps/internal/shared/converter.go:73.12,74.16 1 0
mindsteps/internal/shared/converter.go:75.14,76.30 1 0
mindsteps/internal/shared/converter.go:77.15,78.12 1 0
mindsteps/internal/shared/converter.go:78.12,80.4 1 0
mindsteps/internal/shared/converter.go:81.3,81.22 1 0
mindsteps/internal/shared/converter.go:82.13,83.12 1 0
mindsteps/internal/shared/converter.go:83.12,85.4 1 0
mindsteps/internal/shared/converter.go:86.3,86.22 1 0
mindsteps/internal/shared/converter.go:87.10,88.52 1 0
mindsteps/internal/shared/converter.go:92.59,94.24 2 0
mindsteps/internal/shared/converter.go:94.24,97.3 2 0
mindsteps/internal/shared/converter.go:98.2,98.15 1 0
mindsteps/internal/shared/converter.go:100.62,102.24 2 0
mindsteps/internal/shared/converter.go:102.24,105.3 2 0
mindsteps/internal/shared/converter.go:106.2,106.15 1 0
mindsteps/internal/shared/converter.go:109.48,112.50 2 0
mindsteps/internal/shared/converter.go:112.50,114.3 1 0
mindsteps/internal/shared/converter.go:116.2,118.38 2 0
mindsteps/internal/shared/converter.go:118.38,120.3 1 0
mindsteps/internal/shared/converter.go:122.2,122.55 1 0
mindsteps/internal/shared/converter.go:125.59,132.25 5 0
mindsteps/internal/shared/converter.go:132.25,133.29 1 0
mindsteps/internal/shared/converter.go:133.29,135.4 1 0
mindsteps/internal/shared/converter.go:136.3,136.25 1 0
mindsteps/internal/shared/converter.go:139.2,139.13 1 0
mindsteps/internal/shared/converter.go:142.46,152.2 1 0
mindsteps/internal/shared/converter.go:154.51,156.29 1 0
mindsteps/internal/shared/converter.go:156.29,158.3 1 0
mindsteps/internal/shared/converter.go:161.2,170.29 4 0
mindsteps/internal/shared/converter.go:173.65,174.38 1 0
mindsteps/internal/shared/converter.go:174.38,176.3 1 0
mindsteps/internal/shared/converter.go:177.2,178.16 2 0
mindsteps/internal/shared/converter.go:178.16,180.3 1 0
mindsteps/internal/shared/converter.go:181.2,182.16 2 0
mindsteps/internal/shared/converter.go:182.16,184.3 1 0
mindsteps/internal/shared/converter.go:186.2,187.42 2 0
mindsteps/internal/shared/converter.go:190.51,198.33 4 0
mindsteps/internal/shared/converter.go:198.33,200.17 2 0
mindsteps/internal/shared/converter.go:200.17,202.4 1 0
mindsteps/internal/shared/converter.go:204.2,204.15 1 0
mindsteps/internal/shared/converter.go:207.57,208.30 1 0
mindsteps/internal/shared/converter.go:208.30,210.3 1 0
mindsteps/internal/shared/converter.go:210.8,210.38 1 0
mindsteps/internal/shared/converter.go:210.38,212.3 1 0
mindsteps/internal/shared/converter.go:212.8,214.3 1 0
mindsteps/internal/shared/converter.go:217.41,218.18 1 0
mindsteps/internal/shared/converter.go:218.18,220.3 1 0
mindsteps/internal/shared/converter.go:221.2,222.16 2 0
mindsteps/internal/shared/converter.go:222.16,225.3 2 0
mindsteps/internal/shared/converter.go:226.2,226.25 1 0
mindsteps/internal/shared/converter.go:229.50,232.16 2 0
mindsteps/internal/shared/converter.go:232.16,234.3 1 0
mindsteps/internal/shared/converter.go:237.2,240.43 2 0
mindsteps/internal/shared/crypto.go:16.41,20.2 3 0
mindsteps/internal/shared/crypto.go:22.37,25.2 2 0
mindsteps/internal/shared/crypto.go:28.56,34.16 4 0
mindsteps/internal/shared/crypto.go:34.16,36.3 1 0
mindsteps/internal/shared/crypto.go:38.2,40.16 2 0
mindsteps/internal/shared/crypto.go:40.16,42.3 1 0
mindsteps/internal/shared/crypto.go:44.2,44.40 1 0
mindsteps/internal/shared/crypto.go:44.40,46.3 1 0
mindsteps/internal/shared/crypto.go:48.2,52.32 4 0
mindsteps/internal/shared/crypto.go:56.40,61.2 3 0
mindsteps/internal/shared/crypto.go:64.56,71.20 5 0
mindsteps/internal/shared/crypto.go:71.20,75.3 3 0
mindsteps/internal/shared/crypto.go:75.8,77.3 1 0
mindsteps/internal/shared/crypto.go:79.2,82.16 3 0
mindsteps/internal/shared/crypto.go:82.16,84.3 1 0
mindsteps/internal/shared/crypto.go:86.2,92.17 5 0
mindsteps/internal/shared/crypto.go:97.61,99.16 2 0
mindsteps/internal/shared/crypto.go:99.16,101.3 1 0
mindsteps/internal/shared/crypto.go:103.2,103.18 1 0
mindsteps/internal/shared/crypto.go:108.68,110.2 1 0
mindsteps/internal/shared/otp.go:10.28,18.2 3 0
mindsteps/internal/shared/otp.go:20.28,28.2 3 0
mindsteps/internal/shared/response.go:15.67,17.31 1 0
mindsteps/internal/shared/response.go:17.31,19.3 1 0
mindsteps/internal/shared/response.go:21.2,22.42 2 0
mindsteps/internal/shared/response.go:23.14,24.34 1 0
mindsteps/internal/shared/response.go:25.10,26.12 1 0
mindsteps/internal/shared/response.go:29.2,29.43 1 0
mindsteps/internal/shared/response.go:34.44,38.2 1 0
mindsteps/internal/shared/response.go:42.47,46.2 1 0
mindsteps/internal/shared/response.go:49.61,51.2 1 0
mindsteps/internal/shared/response.go:55.43,57.2 1 0
mindsteps/internal/shared/response.go:60.54,64.2 2 0
mindsteps/internal/shared/validator.go:16.38,24.37 3 0
mindsteps/internal/shared/validator.go:24.37,25.65 1 0
mindsteps/internal/shared/validator.go:25.65,27.4 1 0
mindsteps/internal/shared/validator.go:30.2,30.45 1 0
mindsteps/internal/shared/validator.go:30.45,33.3 2 0
mindsteps/internal/shared/validator.go:34.2,34.12 1 0
mindsteps/internal/shared/validator.go:38.31,41.2 2 0
mindsteps/internal/shared/validator.go:44.33,47.2 2 0
mindsteps/internal/shared/validator.go:50.33,51.45 1 0
mindsteps/internal/shared/validator.go:51.45,53.3 1 0
mindsteps/internal/shared/validator.go:54.2,54.13 1 0
mindsteps/internal/shared/validator.go:58.44,61.36 2 0
mindsteps/internal/shared/validator.go:61.36,63.3 1 0
mindsteps/internal/shared/validator.go:65.2,66.11 2 0
mindsteps/internal/shared/validator.go:69.33,71.16 2 0
mindsteps/internal/shared/validator.go:71.16,73.3 1 0
mindsteps/internal/shared/validator.go:74.2,74.11 1 0
mindsteps/internal/shared/validator.go:76.44,78.16 2 0
mindsteps/internal/shared/validator.go:78.16,80.3 1 0
mindsteps/internal/shared/validator.go:81.2,81.11 1 0
mindsteps/internal/shared/validator.go:83.38,85.16 2 0
mindsteps/internal/shared/validator.go:85.16,87.3 1 0
mindsteps/internal/shared/validator.go:88.2,88.11 1 0
mindsteps/internal/shared/validator.go:91.54,93.23 1 0
mindsteps/internal/shared/validator.go:93.23,95.3 1 0
mindsteps/internal/shared/validator.go:98.2,99.32 2 0
mindsteps/internal/shared/validator.go:99.32,100.28 1 0
mindsteps/internal/shared/validator.go:100.28,102.9 2 0
mindsteps/internal/shared/validator.go:105.2,105.15 1 0
mindsteps/internal/shared/validator.go:105.15,107.3 1 0
mindsteps/internal/shared/validator.go:110.2,111.32 2 0
mindsteps/internal/shared/validator.go:111.32,112.28 1 0
mindsteps/internal/shared/validator.go:112.28,114.9 2 0
mindsteps/internal/shared/validator.go:117.2,117.15 1 0
mindsteps/internal/shared/validator.go:117.15,119.3 1 0
mindsteps/internal/shared/validator.go:122.2,123.32 2 0
mindsteps/internal/shared/validator.go:123.32,124.28 1 0
mindsteps/internal/shared/validator.go:124.28,126.9 2 0
mindsteps/internal/shared/validator.go:129.2,129.15 1 0
mindsteps/internal/shared/validator.go:129.15,131.3 1 0
mindsteps/internal/shared/validator.go:134.2,136.32 3 0
mindsteps/internal/shared/validator.go:136.32,137.47 1 0
mindsteps/internal/shared/validator.go:137.47,139.9 2 0
mindsteps/internal/shared/validator.go:142.2,142.17 1 0
mindsteps/internal/shared/validator.go:142.17,144.3 1 0
mindsteps/internal/shared/validator.go:146.2,146.17 1 0
mindsteps/internal/shared/validator.go:150.46,153.36 2 0
mindsteps/internal/shared/validator.go:153.36,155.3 1 0
mindsteps/internal/shared/validator.go:157.2,158.11 2 0
mindsteps/internal/shared/validator.go:162.48,165.36 2 0
mindsteps/internal/shared/validator.go:165.36,167.3 1 0
mindsteps/internal/shared/validator.go:169.2,170.19 2 0
mindsteps/internal/shared/validator.go:173.62,174.34 1 0
mindsteps/internal/shared/validator.go:174.34,175.20 1 0
mindsteps/internal/shared/validator.go:175.20,177.4 1 0
mindsteps/internal/shared/validator.go:179.2,179.14 1 0
mindsteps/internal/shared/validator.go:182.41,188.46 4 0
mindsteps/internal/shared/validator.go:188.46,189.68 1 0
mindsteps/internal/shared/validator.go:192.2,192.33 1 0
mindsteps/internal/shared/validator.go:192.33,193.48 1 0
mindsteps/internal/shared/validator.go:193.48,195.4 1 0
mindsteps/internal/shared/validator.go:197.2,197.11 1 0
mindsteps/internal/router/auth.go:12.43,32.2 6 0
mindsteps/internal/router/user.go:12.43,21.2 6 0
mindsteps/internal/user/form/user.go:14.40,15.35 1 0
mindsteps/internal/user/form/user.go:15.35,17.3 1 0
mindsteps/internal/user/form/user.go:19.2,19.56 1 0
mindsteps/internal/user/form/user.go:19.56,21.3 1 0
mindsteps/internal/user/form/user.go:22.2,22.12 1 0
mindsteps/internal/user/form/user.go:30.37,31.35 1 0
mindsteps/internal/user/form/user.go:31.35,33.3 1 0
mindsteps/internal/user/form/user.go:35.2,35.56 1 0
mindsteps/internal/user/form/user.go:35.56,37.3 1 0
mindsteps/internal/user/form/user.go:38.2,38.12 1 0
mindsteps/internal/user/handler/user.go:14.65,18.2 1 0
mindsteps/internal/user/handler/user.go:20.51,22.16 2 0
mindsteps/internal/user/handler/user.go:22.16,24.3 1 0
mindsteps/internal/user/handler/user.go:26.2,26.21 1 0
mindsteps/internal/user/handler/user.go:26.21,28.3 1 0
mindsteps/internal/user/handler/user.go:30.2,30.34 1 0
mindsteps/internal/user/handler/user.go:33.50,35.16 2 0
mindsteps/internal/user/handler/user.go:35.16,37.3 1 0
mindsteps/internal/user/handler/user.go:39.2,39.51 1 0
mindsteps/internal/user/handler/user.go:39.51,41.3 1 0
mindsteps/internal/user/handler/user.go:43.2,43.66 1 0
mindsteps/internal/user/services/user.go:14.76,18.2 1 0
mindsteps/internal/user/services/user.go:20.79,23.16 2 0
mindsteps/internal/user/services/user.go:23.16,25.3 1 0
mindsteps/internal/user/services/user.go:27.2,32.54 2 0
mindsteps/internal/user/services/user.go:32.54,34.3 1 0
mindsteps/internal/user/services/user.go:35.2,35.18 1 0
mindsteps/internal/user/services/user.go:38.62,40.2 1 0
mindsteps/internal/user/services/user.go:42.70,44.2 1 0
mindsteps/internal/user/services/user.go:46.55,48.2 1 0
mindsteps/internal/user/services/user.go:50.45,52.2 1 0
mindsteps/internal/user/services/user.go:54.56,56.2 1 0
mindsteps/pkg/smtp/client.go:51.85,55.2 3 0
mindsteps/pkg/smtp/client.go:58.81,63.10 2 0
mindsteps/pkg/smtp/client.go:63.10,76.3 2 0
mindsteps/pkg/smtp/client.go:79.2,80.17 2 0
mindsteps/pkg/smtp/client.go:84.50,88.2 1 0
mindsteps/pkg/smtp/client.go:91.54,103.2 1 0
mindsteps/pkg/smtp/client.go:105.48,109.16 4 0
mindsteps/pkg/smtp/client.go:109.16,111.3 1 0
mindsteps/pkg/smtp/client.go:113.2,115.12 3 0
mindsteps/pkg/smtp/client.go:119.42,120.60 1 0
mindsteps/pkg/smtp/client.go:120.60,121.47 1 0
mindsteps/pkg/smtp/client.go:121.47,123.4 1 0
mindsteps/pkg/smtp/client.go:126.2,134.16 5 0
mindsteps/pkg/smtp/client.go:134.16,136.3 1 0
mindsteps/pkg/smtp/client.go:137.2,137.15 1 0
mindsteps/pkg/smtp/client.go:137.15,138.18 1 0
mindsteps/pkg/smtp/client.go:138.18,140.4 1 0
mindsteps/pkg/smtp/client.go:143.2,144.16 2 0
mindsteps/pkg/smtp/client.go:144.16,146.3 1 0
mindsteps/pkg/smtp/client.go:148.2,154.51 2 0
mindsteps/pkg/smtp/client.go:154.51,156.3 1 0
mindsteps/pkg/smtp/client.go:158.2,163.42 2 0
mindsteps/pkg/smtp/client.go:163.42,165.3 1 0
mindsteps/pkg/smtp/client.go:167.2,168.12 2 0
mindsteps/pkg/smtp/client.go:172.74,174.21 1 0
mindsteps/pkg/smtp/client.go:174.21,175.41 1 0
mindsteps/pkg/smtp/client.go:175.41,177.4 1 0
mindsteps/pkg/smtp/client.go:181.2,189.44 4 0
mindsteps/pkg/smtp/client.go:189.44,191.3 1 0
mindsteps/pkg/smtp/client.go:192.2,192.42 1 0
mindsteps/pkg/smtp/client.go:192.42,194.3 1 0
mindsteps/pkg/smtp/client.go:197.2,198.16 2 0
mindsteps/pkg/smtp/client.go:198.16,200.3 1 0
mindsteps/pkg/smtp/client.go:201.2,204.16 3 0
mindsteps/pkg/smtp/client.go:204.16,206.3 1 0
mindsteps/pkg/smtp/client.go:208.2,208.23 1 0
mindsteps/pkg/smtp/client.go:212.42,213.21 1 0
mindsteps/pkg/smtp/client.go:213.21,215.3 1 0
mindsteps/pkg/smtp/client.go:216.2,216.12 1 0
mindsteps/pkg/smtp/client.go:223.19,240.2 3 0
mindsteps/pkg/smtp/client.go:243.58,244.23 1 0
mindsteps/pkg/smtp/client.go:244.23,246.3 1 0
mindsteps/pkg/smtp/client.go:247.2,247.48 1 0
mindsteps/routers/router.go:10.37,21.2 3 0
mindsteps/test/unit/mock_repository/mock_jwt.go:10.98,12.2 1 0
mindsteps/test/unit/mock_repository/mock_jwt.go:14.65,16.2 1 0
mindsteps/test/unit/mock_repository/user.go:14.56,17.2 2 0
mindsteps/test/unit/mock_repository/user.go:19.63,22.2 2 0
mindsteps/test/unit/mock_repository/user.go:24.71,27.2 2 0
mindsteps/test/unit/mock_repository/user.go:29.56,32.2 2 0
mindsteps/test/unit/mock_repository/user.go:34.46,37.2 2 0
mindsteps/test/unit/mock_repository/user.go:39.57,42.2 2 0
